2025-05-15 14:47:02,802 - INFO - Database connection established
2025-05-15 14:47:02,844 - INFO - Data fetched: 
        SELECT p.*, s.SupplierName 
        FROM Products p
        LEFT JOIN Suppliers s ON p.SupplierID = s.SupplierID
        
2025-05-15 14:47:02,846 - INFO - Data fetched: SELECT * FROM Suppliers
2025-05-15 14:47:02,847 - INFO - Data fetched: SELECT * FROM Warehouses
2025-05-15 14:47:02,850 - INFO - Data fetched: 
        SELECT p.ProductName, w.WarehouseName, i.Quantity, i.MinStockLevel, i.ProductID, i.WarehouseID
        FROM Inventory i
        JOIN Products p ON i.ProductID = p.ProductID
        JOIN Warehouses w ON i.WarehouseID = w.WarehouseID
        
2025-05-15 14:47:02,852 - INFO - Data fetched: 
        SELECT se.*, p.ProductName, w.WarehouseName 
        FROM StockEntries se
        JOIN Products p ON se.ProductID = p.ProductID
        JOIN Warehouses w ON se.WarehouseID = w.WarehouseID
        
2025-05-15 14:47:02,852 - INFO - Data fetched: 
        SELECT p.*, s.SupplierName 
        FROM Products p
        LEFT JOIN Suppliers s ON p.SupplierID = s.SupplierID
        
2025-05-15 14:47:02,852 - INFO - Data fetched: SELECT * FROM Warehouses
2025-05-15 14:47:02,852 - INFO - Data fetched: SELECT * FROM Suppliers
2025-05-15 15:05:00,243 - INFO - Database connection established
2025-05-15 15:05:00,278 - INFO - Data fetched: 
        SELECT p.*, s.SupplierName 
        FROM Products p
        LEFT JOIN Suppliers s ON p.SupplierID = s.SupplierID
        
2025-05-15 15:05:00,279 - INFO - Data fetched: SELECT * FROM Suppliers
2025-05-15 15:05:00,280 - INFO - Data fetched: SELECT * FROM Warehouses
2025-05-15 15:05:00,281 - INFO - Data fetched: 
        SELECT p.ProductName, w.WarehouseName, i.Quantity, i.MinStockLevel, i.ProductID, i.WarehouseID
        FROM Inventory i
        JOIN Products p ON i.ProductID = p.ProductID
        JOIN Warehouses w ON i.WarehouseID = w.WarehouseID
        
2025-05-15 15:05:00,282 - INFO - Data fetched: 
        SELECT se.*, p.ProductName, w.WarehouseName 
        FROM StockEntries se
        JOIN Products p ON se.ProductID = p.ProductID
        JOIN Warehouses w ON se.WarehouseID = w.WarehouseID
        
2025-05-15 15:05:00,282 - INFO - Data fetched: 
        SELECT p.*, s.SupplierName 
        FROM Products p
        LEFT JOIN Suppliers s ON p.SupplierID = s.SupplierID
        
2025-05-15 15:05:00,283 - INFO - Data fetched: SELECT * FROM Warehouses
2025-05-15 15:05:00,283 - INFO - Data fetched: SELECT * FROM Suppliers
2025-05-15 15:05:15,595 - INFO - Query executed: 
        INSERT INTO Products (ProductName, Description, UnitPrice, SupplierID) 
        VALUES (%s, %s, %s, %s)
        
2025-05-15 15:05:15,596 - INFO - Data fetched: 
        SELECT p.*, s.SupplierName 
        FROM Products p
        LEFT JOIN Suppliers s ON p.SupplierID = s.SupplierID
        
2025-05-15 15:05:15,596 - INFO - Data fetched: 
        SELECT p.*, s.SupplierName 
        FROM Products p
        LEFT JOIN Suppliers s ON p.SupplierID = s.SupplierID
        
2025-05-15 15:05:15,597 - INFO - Data fetched: SELECT * FROM Warehouses
2025-05-15 15:05:15,597 - INFO - Data fetched: SELECT * FROM Suppliers
2025-05-15 15:05:17,651 - INFO - Single data fetched: SELECT * FROM Products WHERE ProductID = %s
2025-05-15 15:05:17,651 - INFO - Single data fetched: SELECT * FROM Suppliers WHERE SupplierID = %s
2025-05-15 15:05:21,098 - INFO - Query executed: 
        UPDATE Products 
        SET ProductName = %s, Description = %s, UnitPrice = %s, SupplierID = %s 
        WHERE ProductID = %s
        
2025-05-15 15:05:21,099 - INFO - Data fetched: 
        SELECT p.*, s.SupplierName 
        FROM Products p
        LEFT JOIN Suppliers s ON p.SupplierID = s.SupplierID
        
2025-05-15 15:05:21,099 - INFO - Data fetched: 
        SELECT p.*, s.SupplierName 
        FROM Products p
        LEFT JOIN Suppliers s ON p.SupplierID = s.SupplierID
        
2025-05-15 15:05:21,100 - INFO - Data fetched: SELECT * FROM Warehouses
2025-05-15 15:05:21,100 - INFO - Data fetched: SELECT * FROM Suppliers
2025-05-15 15:05:23,838 - INFO - Single data fetched: SELECT * FROM Products WHERE ProductID = %s
2025-05-15 15:05:23,839 - INFO - Single data fetched: SELECT * FROM Suppliers WHERE SupplierID = %s
2025-05-15 15:05:25,825 - INFO - Query executed: 
        UPDATE Products 
        SET ProductName = %s, Description = %s, UnitPrice = %s, SupplierID = %s 
        WHERE ProductID = %s
        
2025-05-15 15:05:25,826 - INFO - Data fetched: 
        SELECT p.*, s.SupplierName 
        FROM Products p
        LEFT JOIN Suppliers s ON p.SupplierID = s.SupplierID
        
2025-05-15 15:05:25,826 - INFO - Data fetched: 
        SELECT p.*, s.SupplierName 
        FROM Products p
        LEFT JOIN Suppliers s ON p.SupplierID = s.SupplierID
        
2025-05-15 15:05:25,833 - INFO - Data fetched: SELECT * FROM Warehouses
2025-05-15 15:05:25,834 - INFO - Data fetched: SELECT * FROM Suppliers
2025-05-15 15:05:28,040 - INFO - Single data fetched: SELECT * FROM Products WHERE ProductID = %s
2025-05-15 15:05:28,040 - INFO - Single data fetched: SELECT * FROM Suppliers WHERE SupplierID = %s
2025-05-15 15:05:28,451 - INFO - Single data fetched: SELECT * FROM Products WHERE ProductID = %s
2025-05-15 15:05:28,452 - INFO - Single data fetched: SELECT * FROM Suppliers WHERE SupplierID = %s
2025-05-15 15:05:30,817 - ERROR - Query execution error: DELETE FROM Products WHERE ProductID = %s - 1451 (23000): Cannot delete or update a parent row: a foreign key constraint fails (`inventory_db`.`inventory`, CONSTRAINT `inventory_ibfk_1` FOREIGN KEY (`ProductID`) REFERENCES `products` (`ProductID`))
2025-05-15 15:05:33,340 - INFO - Single data fetched: SELECT * FROM Products WHERE ProductID = %s
2025-05-15 15:05:33,342 - INFO - Single data fetched: SELECT * FROM Suppliers WHERE SupplierID = %s
2025-05-15 15:05:35,173 - INFO - Query executed: DELETE FROM Products WHERE ProductID = %s
2025-05-15 15:05:35,175 - INFO - Data fetched: 
        SELECT p.*, s.SupplierName 
        FROM Products p
        LEFT JOIN Suppliers s ON p.SupplierID = s.SupplierID
        
2025-05-15 15:05:35,176 - INFO - Data fetched: 
        SELECT p.*, s.SupplierName 
        FROM Products p
        LEFT JOIN Suppliers s ON p.SupplierID = s.SupplierID
        
2025-05-15 15:05:35,176 - INFO - Data fetched: SELECT * FROM Warehouses
2025-05-15 15:05:35,176 - INFO - Data fetched: SELECT * FROM Suppliers
2025-05-15 15:05:37,087 - INFO - Single data fetched: SELECT * FROM Products WHERE ProductID = %s
2025-05-15 15:05:37,087 - INFO - Single data fetched: SELECT * FROM Suppliers WHERE SupplierID = %s
2025-05-15 15:05:37,466 - INFO - Single data fetched: SELECT * FROM Products WHERE ProductID = %s
2025-05-15 15:05:37,467 - INFO - Single data fetched: SELECT * FROM Suppliers WHERE SupplierID = %s
2025-05-15 15:05:39,942 - INFO - Single data fetched: SELECT * FROM Products WHERE ProductID = %s
2025-05-15 15:05:39,943 - INFO - Single data fetched: SELECT * FROM Suppliers WHERE SupplierID = %s
2025-05-15 15:05:40,298 - INFO - Single data fetched: SELECT * FROM Products WHERE ProductID = %s
2025-05-15 15:05:40,298 - INFO - Single data fetched: SELECT * FROM Suppliers WHERE SupplierID = %s
2025-05-15 15:05:42,553 - ERROR - Query execution error: DELETE FROM Products WHERE ProductID = %s - 1451 (23000): Cannot delete or update a parent row: a foreign key constraint fails (`inventory_db`.`inventory`, CONSTRAINT `inventory_ibfk_1` FOREIGN KEY (`ProductID`) REFERENCES `products` (`ProductID`))
2025-05-15 15:05:46,505 - INFO - Single data fetched: SELECT * FROM Suppliers WHERE SupplierID = %s
2025-05-15 15:05:48,388 - ERROR - Query execution error: DELETE FROM Suppliers WHERE SupplierID = %s - 1451 (23000): Cannot delete or update a parent row: a foreign key constraint fails (`inventory_db`.`products`, CONSTRAINT `products_ibfk_1` FOREIGN KEY (`SupplierID`) REFERENCES `suppliers` (`SupplierID`))
2025-05-15 15:05:51,253 - INFO - Query executed: 
        INSERT INTO Suppliers (SupplierName, Address, PhoneNumber) 
        VALUES (%s, %s, %s)
        
2025-05-15 15:05:51,260 - INFO - Data fetched: SELECT * FROM Suppliers
2025-05-15 15:05:51,260 - INFO - Data fetched: 
        SELECT p.*, s.SupplierName 
        FROM Products p
        LEFT JOIN Suppliers s ON p.SupplierID = s.SupplierID
        
2025-05-15 15:05:51,261 - INFO - Data fetched: SELECT * FROM Warehouses
2025-05-15 15:05:51,261 - INFO - Data fetched: SELECT * FROM Suppliers
2025-05-15 15:05:53,038 - INFO - Single data fetched: SELECT * FROM Suppliers WHERE SupplierID = %s
2025-05-15 15:05:54,689 - INFO - Query executed: DELETE FROM Suppliers WHERE SupplierID = %s
2025-05-15 15:05:54,690 - INFO - Data fetched: SELECT * FROM Suppliers
2025-05-15 15:05:54,690 - INFO - Data fetched: 
        SELECT p.*, s.SupplierName 
        FROM Products p
        LEFT JOIN Suppliers s ON p.SupplierID = s.SupplierID
        
2025-05-15 15:05:54,690 - INFO - Data fetched: SELECT * FROM Warehouses
2025-05-15 15:05:54,691 - INFO - Data fetched: SELECT * FROM Suppliers
2025-05-15 15:06:02,659 - INFO - Data fetched: 
        SELECT ih.*, p.ProductName, w.WarehouseName 
        FROM InventoryHistory ih
        JOIN Products p ON ih.ProductID = p.ProductID
        JOIN Warehouses w ON ih.WarehouseID = w.WarehouseID
        WHERE DATE(ih.TransactionDate) BETWEEN %s AND %s
        ORDER BY ih.TransactionDate DESC
        
2025-05-15 15:06:06,035 - INFO - Procedure called: CheckLowStock
2025-05-15 15:06:06,747 - INFO - Procedure called: CalculateTotalStockValue
2025-05-15 15:06:07,902 - INFO - Data fetched: SELECT * FROM Warehouses
2025-05-15 15:06:07,903 - INFO - Data fetched: 
        SELECT p.ProductName, w.WarehouseName, i.Quantity, i.MinStockLevel, i.ProductID, i.WarehouseID
        FROM Inventory i
        JOIN Products p ON i.ProductID = p.ProductID
        JOIN Warehouses w ON i.WarehouseID = w.WarehouseID
        
2025-05-15 15:06:07,903 - INFO - Data fetched: 
        SELECT p.ProductName, w.WarehouseName, i.Quantity, i.MinStockLevel, i.ProductID, i.WarehouseID
        FROM Inventory i
        JOIN Products p ON i.ProductID = p.ProductID
        JOIN Warehouses w ON i.WarehouseID = w.WarehouseID
        
2025-05-15 15:06:07,904 - INFO - Data fetched: 
        SELECT p.ProductName, w.WarehouseName, i.Quantity, i.MinStockLevel, i.ProductID, i.WarehouseID
        FROM Inventory i
        JOIN Products p ON i.ProductID = p.ProductID
        JOIN Warehouses w ON i.WarehouseID = w.WarehouseID
        
2025-05-15 15:06:07,904 - INFO - Data fetched: 
        SELECT p.ProductName, w.WarehouseName, i.Quantity, i.MinStockLevel, i.ProductID, i.WarehouseID
        FROM Inventory i
        JOIN Products p ON i.ProductID = p.ProductID
        JOIN Warehouses w ON i.WarehouseID = w.WarehouseID
        
2025-05-15 15:06:07,904 - INFO - Data fetched: 
        SELECT p.ProductName, w.WarehouseName, i.Quantity, i.MinStockLevel, i.ProductID, i.WarehouseID
        FROM Inventory i
        JOIN Products p ON i.ProductID = p.ProductID
        JOIN Warehouses w ON i.WarehouseID = w.WarehouseID
        
2025-05-15 15:06:08,434 - INFO - Data fetched: SELECT * FROM SupplierDeliveryHistory
2025-05-15 15:06:09,598 - INFO - Data fetched: 
        SELECT ih.*, p.ProductName, w.WarehouseName 
        FROM InventoryHistory ih
        JOIN Products p ON ih.ProductID = p.ProductID
        JOIN Warehouses w ON ih.WarehouseID = w.WarehouseID
        WHERE DATE(ih.TransactionDate) BETWEEN %s AND %s
        ORDER BY ih.TransactionDate DESC
        
2025-05-15 15:06:11,856 - INFO - Data fetched: 
        SELECT ih.*, p.ProductName, w.WarehouseName 
        FROM InventoryHistory ih
        JOIN Products p ON ih.ProductID = p.ProductID
        JOIN Warehouses w ON ih.WarehouseID = w.WarehouseID
        WHERE DATE(ih.TransactionDate) BETWEEN %s AND %s
        ORDER BY ih.TransactionDate DESC
        
2025-05-15 15:23:10,888 - INFO - Database connection established
2025-05-15 15:23:10,895 - ERROR - Data fetch error: 
        SELECT p.*, s.SupplierName 
        FROM Products p
        LEFT JOIN Suppliers s ON p.SupplierID = s.SupplierID
         - 1146 (42S02): Table 'inventory_db2.products' doesn't exist
2025-05-15 15:23:10,896 - ERROR - Data fetch error: SELECT * FROM Suppliers - 1146 (42S02): Table 'inventory_db2.suppliers' doesn't exist
2025-05-15 15:23:10,896 - ERROR - Data fetch error: SELECT * FROM Warehouses - 1146 (42S02): Table 'inventory_db2.warehouses' doesn't exist
2025-05-15 15:23:10,897 - ERROR - Data fetch error: 
        SELECT p.ProductName, w.WarehouseName, i.Quantity, i.MinStockLevel, i.ProductID, i.WarehouseID
        FROM Inventory i
        JOIN Products p ON i.ProductID = p.ProductID
        JOIN Warehouses w ON i.WarehouseID = w.WarehouseID
         - 1146 (42S02): Table 'inventory_db2.inventory' doesn't exist
2025-05-15 15:23:10,898 - ERROR - Data fetch error: 
        SELECT se.*, p.ProductName, w.WarehouseName 
        FROM StockEntries se
        JOIN Products p ON se.ProductID = p.ProductID
        JOIN Warehouses w ON se.WarehouseID = w.WarehouseID
         - 1146 (42S02): Table 'inventory_db2.stockentries' doesn't exist
2025-05-15 15:23:10,898 - ERROR - Data fetch error: 
        SELECT p.*, s.SupplierName 
        FROM Products p
        LEFT JOIN Suppliers s ON p.SupplierID = s.SupplierID
         - 1146 (42S02): Table 'inventory_db2.products' doesn't exist
2025-05-15 15:23:10,898 - ERROR - Data fetch error: SELECT * FROM Warehouses - 1146 (42S02): Table 'inventory_db2.warehouses' doesn't exist
2025-05-15 15:23:10,900 - ERROR - Data fetch error: SELECT * FROM Suppliers - 1146 (42S02): Table 'inventory_db2.suppliers' doesn't exist
2025-05-15 15:23:28,957 - INFO - Database connection established
2025-05-15 15:23:28,963 - INFO - Data fetched: 
        SELECT p.*, s.SupplierName 
        FROM Products p
        LEFT JOIN Suppliers s ON p.SupplierID = s.SupplierID
        
2025-05-15 15:23:28,965 - INFO - Data fetched: SELECT * FROM Suppliers
2025-05-15 15:23:28,966 - INFO - Data fetched: SELECT * FROM Warehouses
2025-05-15 15:23:28,967 - INFO - Data fetched: 
        SELECT p.ProductName, w.WarehouseName, i.Quantity, i.MinStockLevel, i.ProductID, i.WarehouseID
        FROM Inventory i
        JOIN Products p ON i.ProductID = p.ProductID
        JOIN Warehouses w ON i.WarehouseID = w.WarehouseID
        
2025-05-15 15:23:28,969 - INFO - Data fetched: 
        SELECT se.*, p.ProductName, w.WarehouseName 
        FROM StockEntries se
        JOIN Products p ON se.ProductID = p.ProductID
        JOIN Warehouses w ON se.WarehouseID = w.WarehouseID
        
2025-05-15 15:23:28,969 - INFO - Data fetched: 
        SELECT p.*, s.SupplierName 
        FROM Products p
        LEFT JOIN Suppliers s ON p.SupplierID = s.SupplierID
        
2025-05-15 15:23:28,969 - INFO - Data fetched: SELECT * FROM Warehouses
2025-05-15 15:23:28,969 - INFO - Data fetched: SELECT * FROM Suppliers
2025-05-15 15:43:06,015 - INFO - Database connection established
2025-05-15 15:43:06,050 - INFO - Data fetched: 
        SELECT p.*, s.SupplierName 
        FROM Products p
        LEFT JOIN Suppliers s ON p.SupplierID = s.SupplierID
        
2025-05-15 15:43:06,051 - INFO - Data fetched: SELECT * FROM Suppliers
2025-05-15 15:43:06,051 - INFO - Data fetched: SELECT * FROM Warehouses
2025-05-15 15:43:06,053 - INFO - Data fetched: 
        SELECT p.ProductName, w.WarehouseName, i.Quantity, i.MinStockLevel, i.ProductID, i.WarehouseID
        FROM Inventory i
        JOIN Products p ON i.ProductID = p.ProductID
        JOIN Warehouses w ON i.WarehouseID = w.WarehouseID
        
2025-05-15 15:43:06,054 - INFO - Data fetched: 
        SELECT se.*, p.ProductName, w.WarehouseName 
        FROM StockEntries se
        JOIN Products p ON se.ProductID = p.ProductID
        JOIN Warehouses w ON se.WarehouseID = w.WarehouseID
        
2025-05-15 15:43:06,055 - INFO - Data fetched: 
        SELECT p.*, s.SupplierName 
        FROM Products p
        LEFT JOIN Suppliers s ON p.SupplierID = s.SupplierID
        
2025-05-15 15:43:06,055 - INFO - Data fetched: SELECT * FROM Warehouses
2025-05-15 15:43:06,056 - INFO - Data fetched: SELECT * FROM Suppliers
2025-05-15 16:00:51,094 - INFO - Database connection established
2025-05-15 16:00:51,144 - INFO - Data fetched: 
        SELECT p.*, s.SupplierName 
        FROM Products p
        LEFT JOIN Suppliers s ON p.SupplierID = s.SupplierID
        
2025-05-15 16:00:51,145 - INFO - Data fetched: SELECT * FROM Suppliers
2025-05-15 16:00:51,145 - INFO - Data fetched: SELECT * FROM Warehouses
2025-05-15 16:00:51,147 - INFO - Data fetched: 
        SELECT p.ProductName, w.WarehouseName, i.Quantity, i.MinStockLevel, i.ProductID, i.WarehouseID
        FROM Inventory i
        JOIN Products p ON i.ProductID = p.ProductID
        JOIN Warehouses w ON i.WarehouseID = w.WarehouseID
        
2025-05-15 16:00:51,148 - INFO - Data fetched: 
        SELECT se.*, p.ProductName, w.WarehouseName 
        FROM StockEntries se
        JOIN Products p ON se.ProductID = p.ProductID
        JOIN Warehouses w ON se.WarehouseID = w.WarehouseID
        
2025-05-15 16:00:51,149 - INFO - Data fetched: 
        SELECT p.*, s.SupplierName 
        FROM Products p
        LEFT JOIN Suppliers s ON p.SupplierID = s.SupplierID
        
2025-05-15 16:00:51,149 - INFO - Data fetched: SELECT * FROM Warehouses
2025-05-15 16:00:51,149 - INFO - Data fetched: SELECT * FROM Suppliers
2025-05-15 16:02:00,290 - INFO - Query executed: 
        INSERT INTO Products (ProductName, Description, UnitPrice, SupplierID) 
        VALUES (%s, %s, %s, %s)
        
2025-05-15 16:02:00,290 - INFO - Data fetched: 
        SELECT p.*, s.SupplierName 
        FROM Products p
        LEFT JOIN Suppliers s ON p.SupplierID = s.SupplierID
        
2025-05-15 16:02:00,291 - INFO - Data fetched: 
        SELECT p.*, s.SupplierName 
        FROM Products p
        LEFT JOIN Suppliers s ON p.SupplierID = s.SupplierID
        
2025-05-15 16:02:00,291 - INFO - Data fetched: SELECT * FROM Warehouses
2025-05-15 16:02:00,292 - INFO - Data fetched: SELECT * FROM Suppliers
2025-05-15 16:02:02,698 - INFO - Single data fetched: SELECT * FROM Products WHERE ProductID = %s
2025-05-15 16:02:02,699 - INFO - Single data fetched: SELECT * FROM Suppliers WHERE SupplierID = %s
2025-05-15 16:02:08,718 - INFO - Query executed: 
        UPDATE Products 
        SET ProductName = %s, Description = %s, UnitPrice = %s, SupplierID = %s 
        WHERE ProductID = %s
        
2025-05-15 16:02:08,719 - INFO - Data fetched: 
        SELECT p.*, s.SupplierName 
        FROM Products p
        LEFT JOIN Suppliers s ON p.SupplierID = s.SupplierID
        
2025-05-15 16:02:08,720 - INFO - Data fetched: 
        SELECT p.*, s.SupplierName 
        FROM Products p
        LEFT JOIN Suppliers s ON p.SupplierID = s.SupplierID
        
2025-05-15 16:02:08,720 - INFO - Data fetched: SELECT * FROM Warehouses
2025-05-15 16:02:08,720 - INFO - Data fetched: SELECT * FROM Suppliers
2025-05-15 16:02:11,366 - INFO - Single data fetched: SELECT * FROM Products WHERE ProductID = %s
2025-05-15 16:02:11,367 - INFO - Single data fetched: SELECT * FROM Suppliers WHERE SupplierID = %s
2025-05-15 16:02:14,218 - INFO - Query executed: DELETE FROM Products WHERE ProductID = %s
2025-05-15 16:02:14,221 - INFO - Data fetched: 
        SELECT p.*, s.SupplierName 
        FROM Products p
        LEFT JOIN Suppliers s ON p.SupplierID = s.SupplierID
        
2025-05-15 16:02:14,234 - INFO - Data fetched: 
        SELECT p.*, s.SupplierName 
        FROM Products p
        LEFT JOIN Suppliers s ON p.SupplierID = s.SupplierID
        
2025-05-15 16:02:14,234 - INFO - Data fetched: SELECT * FROM Warehouses
2025-05-15 16:02:14,235 - INFO - Data fetched: SELECT * FROM Suppliers
2025-05-15 16:02:31,845 - INFO - Procedure called: CheckLowStock
2025-05-15 16:02:34,541 - INFO - Procedure called: CalculateTotalStockValue
2025-05-15 16:02:36,194 - INFO - Data fetched: SELECT * FROM Warehouses
2025-05-15 16:02:36,195 - INFO - Data fetched: 
        SELECT p.ProductName, w.WarehouseName, i.Quantity, i.MinStockLevel, i.ProductID, i.WarehouseID
        FROM Inventory i
        JOIN Products p ON i.ProductID = p.ProductID
        JOIN Warehouses w ON i.WarehouseID = w.WarehouseID
        
2025-05-15 16:02:36,198 - INFO - Data fetched: 
        SELECT p.ProductName, w.WarehouseName, i.Quantity, i.MinStockLevel, i.ProductID, i.WarehouseID
        FROM Inventory i
        JOIN Products p ON i.ProductID = p.ProductID
        JOIN Warehouses w ON i.WarehouseID = w.WarehouseID
        
2025-05-15 16:02:36,199 - INFO - Data fetched: 
        SELECT p.ProductName, w.WarehouseName, i.Quantity, i.MinStockLevel, i.ProductID, i.WarehouseID
        FROM Inventory i
        JOIN Products p ON i.ProductID = p.ProductID
        JOIN Warehouses w ON i.WarehouseID = w.WarehouseID
        
2025-05-15 16:02:36,199 - INFO - Data fetched: 
        SELECT p.ProductName, w.WarehouseName, i.Quantity, i.MinStockLevel, i.ProductID, i.WarehouseID
        FROM Inventory i
        JOIN Products p ON i.ProductID = p.ProductID
        JOIN Warehouses w ON i.WarehouseID = w.WarehouseID
        
2025-05-15 16:02:36,200 - INFO - Data fetched: 
        SELECT p.ProductName, w.WarehouseName, i.Quantity, i.MinStockLevel, i.ProductID, i.WarehouseID
        FROM Inventory i
        JOIN Products p ON i.ProductID = p.ProductID
        JOIN Warehouses w ON i.WarehouseID = w.WarehouseID
        
2025-05-15 16:02:37,371 - INFO - Data fetched: SELECT * FROM SupplierDeliveryHistory
2025-05-15 16:02:38,450 - INFO - Data fetched: 
        SELECT ih.*, p.ProductName, w.WarehouseName 
        FROM InventoryHistory ih
        JOIN Products p ON ih.ProductID = p.ProductID
        JOIN Warehouses w ON ih.WarehouseID = w.WarehouseID
        WHERE DATE(ih.TransactionDate) BETWEEN %s AND %s
        ORDER BY ih.TransactionDate DESC
        
2025-05-15 16:02:39,957 - INFO - Data fetched: 
        SELECT ih.*, p.ProductName, w.WarehouseName 
        FROM InventoryHistory ih
        JOIN Products p ON ih.ProductID = p.ProductID
        JOIN Warehouses w ON ih.WarehouseID = w.WarehouseID
        WHERE DATE(ih.TransactionDate) BETWEEN %s AND %s
        ORDER BY ih.TransactionDate DESC
        
2025-05-15 16:02:40,715 - INFO - Data fetched: 
        SELECT ih.*, p.ProductName, w.WarehouseName 
        FROM InventoryHistory ih
        JOIN Products p ON ih.ProductID = p.ProductID
        JOIN Warehouses w ON ih.WarehouseID = w.WarehouseID
        WHERE DATE(ih.TransactionDate) BETWEEN %s AND %s
        ORDER BY ih.TransactionDate DESC
        
2025-05-15 16:02:41,620 - INFO - Data fetched: SELECT * FROM SupplierDeliveryHistory
2025-05-15 16:02:42,130 - INFO - Data fetched: SELECT * FROM Warehouses
2025-05-15 16:02:42,131 - INFO - Data fetched: 
        SELECT p.ProductName, w.WarehouseName, i.Quantity, i.MinStockLevel, i.ProductID, i.WarehouseID
        FROM Inventory i
        JOIN Products p ON i.ProductID = p.ProductID
        JOIN Warehouses w ON i.WarehouseID = w.WarehouseID
        
2025-05-15 16:02:42,131 - INFO - Data fetched: 
        SELECT p.ProductName, w.WarehouseName, i.Quantity, i.MinStockLevel, i.ProductID, i.WarehouseID
        FROM Inventory i
        JOIN Products p ON i.ProductID = p.ProductID
        JOIN Warehouses w ON i.WarehouseID = w.WarehouseID
        
2025-05-15 16:02:42,132 - INFO - Data fetched: 
        SELECT p.ProductName, w.WarehouseName, i.Quantity, i.MinStockLevel, i.ProductID, i.WarehouseID
        FROM Inventory i
        JOIN Products p ON i.ProductID = p.ProductID
        JOIN Warehouses w ON i.WarehouseID = w.WarehouseID
        
2025-05-15 16:02:42,132 - INFO - Data fetched: 
        SELECT p.ProductName, w.WarehouseName, i.Quantity, i.MinStockLevel, i.ProductID, i.WarehouseID
        FROM Inventory i
        JOIN Products p ON i.ProductID = p.ProductID
        JOIN Warehouses w ON i.WarehouseID = w.WarehouseID
        
2025-05-15 16:02:42,132 - INFO - Data fetched: 
        SELECT p.ProductName, w.WarehouseName, i.Quantity, i.MinStockLevel, i.ProductID, i.WarehouseID
        FROM Inventory i
        JOIN Products p ON i.ProductID = p.ProductID
        JOIN Warehouses w ON i.WarehouseID = w.WarehouseID
        
2025-05-15 16:02:43,051 - INFO - Procedure called: CalculateTotalStockValue
2025-05-15 16:02:43,748 - INFO - Procedure called: CheckLowStock
2025-05-18 14:50:13,687 - ERROR - Database connection error: 2003 (HY000): Can't connect to MySQL server on 'localhost:3306' (10061)
2025-05-18 14:51:21,097 - INFO - Database connection established
2025-05-18 14:51:21,184 - INFO - Data fetched: 
        SELECT p.*, s.SupplierName 
        FROM Products p
        LEFT JOIN Suppliers s ON p.SupplierID = s.SupplierID
        
2025-05-18 14:51:21,187 - INFO - Data fetched: SELECT * FROM Suppliers
2025-05-18 14:51:21,198 - INFO - Data fetched: SELECT * FROM Warehouses
2025-05-18 14:51:21,203 - INFO - Data fetched: 
        SELECT p.ProductName, w.WarehouseName, i.Quantity, i.MinStockLevel, i.ProductID, i.WarehouseID
        FROM Inventory i
        JOIN Products p ON i.ProductID = p.ProductID
        JOIN Warehouses w ON i.WarehouseID = w.WarehouseID
        
2025-05-18 14:51:21,237 - INFO - Data fetched: 
        SELECT se.*, p.ProductName, w.WarehouseName 
        FROM StockEntries se
        JOIN Products p ON se.ProductID = p.ProductID
        JOIN Warehouses w ON se.WarehouseID = w.WarehouseID
        
2025-05-18 14:51:21,239 - INFO - Data fetched: 
        SELECT p.*, s.SupplierName 
        FROM Products p
        LEFT JOIN Suppliers s ON p.SupplierID = s.SupplierID
        
2025-05-18 14:51:21,241 - INFO - Data fetched: SELECT * FROM Warehouses
2025-05-18 14:51:21,241 - INFO - Data fetched: SELECT * FROM Suppliers
2025-05-18 15:00:42,865 - INFO - Database connection established
2025-05-18 15:00:42,868 - INFO - Data fetched: 
        SELECT p.*, s.SupplierName 
        FROM Products p
        LEFT JOIN Suppliers s ON p.SupplierID = s.SupplierID
        
2025-05-18 15:00:42,870 - INFO - Data fetched: SELECT * FROM Suppliers
2025-05-18 15:00:42,870 - INFO - Data fetched: SELECT * FROM Warehouses
2025-05-18 15:00:42,871 - INFO - Data fetched: 
        SELECT p.ProductName, w.WarehouseName, i.Quantity, i.MinStockLevel, i.ProductID, i.WarehouseID
        FROM Inventory i
        JOIN Products p ON i.ProductID = p.ProductID
        JOIN Warehouses w ON i.WarehouseID = w.WarehouseID
        
2025-05-18 15:00:42,871 - INFO - Data fetched: 
        SELECT se.*, p.ProductName, w.WarehouseName 
        FROM StockEntries se
        JOIN Products p ON se.ProductID = p.ProductID
        JOIN Warehouses w ON se.WarehouseID = w.WarehouseID
        
2025-05-18 15:00:42,872 - INFO - Data fetched: 
        SELECT p.*, s.SupplierName 
        FROM Products p
        LEFT JOIN Suppliers s ON p.SupplierID = s.SupplierID
        
2025-05-18 15:00:42,872 - INFO - Data fetched: SELECT * FROM Warehouses
2025-05-18 15:00:42,873 - INFO - Data fetched: SELECT * FROM Suppliers
2025-05-18 15:10:43,523 - INFO - Database connection established
2025-05-18 15:10:43,529 - INFO - Data fetched: 
        SELECT p.*, s.SupplierName 
        FROM Products p
        LEFT JOIN Suppliers s ON p.SupplierID = s.SupplierID
        
2025-05-18 15:10:43,531 - INFO - Data fetched: SELECT * FROM Suppliers
2025-05-18 15:10:43,531 - INFO - Data fetched: SELECT * FROM Warehouses
2025-05-18 15:10:43,532 - INFO - Data fetched: 
        SELECT p.ProductName, w.WarehouseName, i.Quantity, i.MinStockLevel, i.ProductID, i.WarehouseID
        FROM Inventory i
        JOIN Products p ON i.ProductID = p.ProductID
        JOIN Warehouses w ON i.WarehouseID = w.WarehouseID
        
2025-05-18 15:10:43,533 - INFO - Data fetched: 
        SELECT se.*, p.ProductName, w.WarehouseName 
        FROM StockEntries se
        JOIN Products p ON se.ProductID = p.ProductID
        JOIN Warehouses w ON se.WarehouseID = w.WarehouseID
        
2025-05-18 15:10:43,533 - INFO - Data fetched: 
        SELECT p.*, s.SupplierName 
        FROM Products p
        LEFT JOIN Suppliers s ON p.SupplierID = s.SupplierID
        
2025-05-18 15:10:43,535 - INFO - Data fetched: SELECT * FROM Warehouses
2025-05-18 15:10:43,535 - INFO - Data fetched: SELECT * FROM Suppliers
2025-05-18 15:11:06,848 - INFO - Database connection established
2025-05-18 15:11:06,849 - INFO - Data fetched: 
        SELECT p.*, s.SupplierName 
        FROM Products p
        LEFT JOIN Suppliers s ON p.SupplierID = s.SupplierID
        
2025-05-18 15:11:06,849 - INFO - Data fetched: SELECT * FROM Suppliers
2025-05-18 15:11:06,850 - INFO - Data fetched: SELECT * FROM Warehouses
2025-05-18 15:11:06,850 - INFO - Data fetched: 
        SELECT p.ProductName, w.WarehouseName, i.Quantity, i.MinStockLevel, i.ProductID, i.WarehouseID
        FROM Inventory i
        JOIN Products p ON i.ProductID = p.ProductID
        JOIN Warehouses w ON i.WarehouseID = w.WarehouseID
        
2025-05-18 15:11:06,850 - INFO - Data fetched: 
        SELECT se.*, p.ProductName, w.WarehouseName 
        FROM StockEntries se
        JOIN Products p ON se.ProductID = p.ProductID
        JOIN Warehouses w ON se.WarehouseID = w.WarehouseID
        
2025-05-18 15:11:06,851 - INFO - Data fetched: 
        SELECT p.*, s.SupplierName 
        FROM Products p
        LEFT JOIN Suppliers s ON p.SupplierID = s.SupplierID
        
2025-05-18 15:11:06,851 - INFO - Data fetched: SELECT * FROM Warehouses
2025-05-18 15:11:06,851 - INFO - Data fetched: SELECT * FROM Suppliers
2025-05-18 15:15:36,276 - INFO - Database connection established
2025-05-18 15:15:36,279 - INFO - Data fetched: 
        SELECT p.*, s.SupplierName 
        FROM Products p
        LEFT JOIN Suppliers s ON p.SupplierID = s.SupplierID
        
2025-05-18 15:15:36,280 - INFO - Data fetched: SELECT * FROM Suppliers
2025-05-18 15:15:36,280 - INFO - Data fetched: SELECT * FROM Warehouses
2025-05-18 15:15:36,281 - INFO - Data fetched: 
        SELECT p.ProductName, w.WarehouseName, i.Quantity, i.MinStockLevel, i.ProductID, i.WarehouseID
        FROM Inventory i
        JOIN Products p ON i.ProductID = p.ProductID
        JOIN Warehouses w ON i.WarehouseID = w.WarehouseID
        
2025-05-18 15:15:36,281 - INFO - Data fetched: 
        SELECT se.*, p.ProductName, w.WarehouseName 
        FROM StockEntries se
        JOIN Products p ON se.ProductID = p.ProductID
        JOIN Warehouses w ON se.WarehouseID = w.WarehouseID
        
2025-05-18 15:15:36,281 - INFO - Data fetched: 
        SELECT p.*, s.SupplierName 
        FROM Products p
        LEFT JOIN Suppliers s ON p.SupplierID = s.SupplierID
        
2025-05-18 15:15:36,281 - INFO - Data fetched: SELECT * FROM Warehouses
2025-05-18 15:15:36,283 - INFO - Data fetched: SELECT * FROM Suppliers
2025-05-18 15:17:02,841 - INFO - Database connection established
2025-05-18 15:17:02,842 - INFO - Data fetched: 
        SELECT p.*, s.SupplierName 
        FROM Products p
        LEFT JOIN Suppliers s ON p.SupplierID = s.SupplierID
        
2025-05-18 15:17:02,842 - INFO - Data fetched: SELECT * FROM Suppliers
2025-05-18 15:17:02,843 - INFO - Data fetched: SELECT * FROM Warehouses
2025-05-18 15:17:02,843 - INFO - Data fetched: 
        SELECT p.ProductName, w.WarehouseName, i.Quantity, i.MinStockLevel, i.ProductID, i.WarehouseID
        FROM Inventory i
        JOIN Products p ON i.ProductID = p.ProductID
        JOIN Warehouses w ON i.WarehouseID = w.WarehouseID
        
2025-05-18 15:17:02,844 - INFO - Data fetched: 
        SELECT se.*, p.ProductName, w.WarehouseName 
        FROM StockEntries se
        JOIN Products p ON se.ProductID = p.ProductID
        JOIN Warehouses w ON se.WarehouseID = w.WarehouseID
        
2025-05-18 15:17:02,845 - INFO - Data fetched: 
        SELECT p.*, s.SupplierName 
        FROM Products p
        LEFT JOIN Suppliers s ON p.SupplierID = s.SupplierID
        
2025-05-18 15:17:02,845 - INFO - Data fetched: SELECT * FROM Warehouses
2025-05-18 15:17:02,845 - INFO - Data fetched: SELECT * FROM Suppliers
2025-05-18 15:52:45,306 - INFO - Database connection established
2025-05-18 15:52:45,310 - INFO - Data fetched: 
        SELECT p.*, s.SupplierName 
        FROM Products p
        LEFT JOIN Suppliers s ON p.SupplierID = s.SupplierID
        
2025-05-18 15:52:45,312 - INFO - Data fetched: SELECT * FROM Suppliers
2025-05-18 15:52:45,312 - INFO - Data fetched: SELECT * FROM Warehouses
2025-05-18 15:52:45,313 - INFO - Data fetched: 
        SELECT p.ProductName, w.WarehouseName, i.Quantity, i.MinStockLevel, i.ProductID, i.WarehouseID
        FROM Inventory i
        JOIN Products p ON i.ProductID = p.ProductID
        JOIN Warehouses w ON i.WarehouseID = w.WarehouseID
        
2025-05-18 15:52:45,313 - INFO - Data fetched: 
        SELECT se.*, p.ProductName, w.WarehouseName 
        FROM StockEntries se
        JOIN Products p ON se.ProductID = p.ProductID
        JOIN Warehouses w ON se.WarehouseID = w.WarehouseID
        
2025-05-18 15:52:45,314 - INFO - Data fetched: 
        SELECT p.*, s.SupplierName 
        FROM Products p
        LEFT JOIN Suppliers s ON p.SupplierID = s.SupplierID
        
2025-05-18 15:52:45,314 - INFO - Data fetched: SELECT * FROM Warehouses
2025-05-18 15:52:45,314 - INFO - Data fetched: SELECT * FROM Suppliers
2025-05-18 15:55:33,584 - INFO - Database connection established
2025-05-18 15:55:33,585 - INFO - Data fetched: 
        SELECT p.*, s.SupplierName 
        FROM Products p
        LEFT JOIN Suppliers s ON p.SupplierID = s.SupplierID
        
2025-05-18 15:55:33,585 - INFO - Data fetched: SELECT * FROM Suppliers
2025-05-18 15:55:33,585 - INFO - Data fetched: SELECT * FROM Warehouses
2025-05-18 15:55:33,586 - INFO - Data fetched: 
        SELECT p.ProductName, w.WarehouseName, i.Quantity, i.MinStockLevel, i.ProductID, i.WarehouseID
        FROM Inventory i
        JOIN Products p ON i.ProductID = p.ProductID
        JOIN Warehouses w ON i.WarehouseID = w.WarehouseID
        
2025-05-18 15:55:33,586 - INFO - Data fetched: 
        SELECT se.*, p.ProductName, w.WarehouseName 
        FROM StockEntries se
        JOIN Products p ON se.ProductID = p.ProductID
        JOIN Warehouses w ON se.WarehouseID = w.WarehouseID
        
2025-05-18 15:55:33,586 - INFO - Data fetched: 
        SELECT p.*, s.SupplierName 
        FROM Products p
        LEFT JOIN Suppliers s ON p.SupplierID = s.SupplierID
        
2025-05-18 15:55:33,586 - INFO - Data fetched: SELECT * FROM Warehouses
2025-05-18 15:55:33,588 - INFO - Data fetched: SELECT * FROM Suppliers
2025-05-18 15:57:54,430 - INFO - Database connection established
2025-05-18 15:57:54,430 - INFO - Data fetched: 
        SELECT p.*, s.SupplierName 
        FROM Products p
        LEFT JOIN Suppliers s ON p.SupplierID = s.SupplierID
        
2025-05-18 15:57:54,431 - INFO - Data fetched: SELECT * FROM Suppliers
2025-05-18 15:57:54,431 - INFO - Data fetched: SELECT * FROM Warehouses
2025-05-18 15:57:54,432 - INFO - Data fetched: 
        SELECT p.ProductName, w.WarehouseName, i.Quantity, i.MinStockLevel, i.ProductID, i.WarehouseID
        FROM Inventory i
        JOIN Products p ON i.ProductID = p.ProductID
        JOIN Warehouses w ON i.WarehouseID = w.WarehouseID
        
2025-05-18 15:57:54,432 - INFO - Data fetched: 
        SELECT se.*, p.ProductName, w.WarehouseName 
        FROM StockEntries se
        JOIN Products p ON se.ProductID = p.ProductID
        JOIN Warehouses w ON se.WarehouseID = w.WarehouseID
        
2025-05-18 15:57:54,432 - INFO - Data fetched: 
        SELECT p.*, s.SupplierName 
        FROM Products p
        LEFT JOIN Suppliers s ON p.SupplierID = s.SupplierID
        
2025-05-18 15:57:54,433 - INFO - Data fetched: SELECT * FROM Warehouses
2025-05-18 15:57:54,433 - INFO - Data fetched: SELECT * FROM Suppliers
2025-05-18 16:03:50,699 - INFO - Database connection established
2025-05-18 16:03:50,700 - INFO - Data fetched: 
        SELECT p.*, s.SupplierName 
        FROM Products p
        LEFT JOIN Suppliers s ON p.SupplierID = s.SupplierID
        
2025-05-18 16:03:50,700 - INFO - Data fetched: SELECT * FROM Suppliers
2025-05-18 16:03:50,701 - INFO - Data fetched: SELECT * FROM Warehouses
2025-05-18 16:03:50,701 - INFO - Data fetched: 
        SELECT p.ProductName, w.WarehouseName, i.Quantity, i.MinStockLevel, i.ProductID, i.WarehouseID
        FROM Inventory i
        JOIN Products p ON i.ProductID = p.ProductID
        JOIN Warehouses w ON i.WarehouseID = w.WarehouseID
        
2025-05-18 16:03:50,702 - INFO - Data fetched: 
        SELECT se.*, p.ProductName, w.WarehouseName 
        FROM StockEntries se
        JOIN Products p ON se.ProductID = p.ProductID
        JOIN Warehouses w ON se.WarehouseID = w.WarehouseID
        
2025-05-18 16:03:50,702 - INFO - Data fetched: 
        SELECT p.*, s.SupplierName 
        FROM Products p
        LEFT JOIN Suppliers s ON p.SupplierID = s.SupplierID
        
2025-05-18 16:03:50,703 - INFO - Data fetched: SELECT * FROM Warehouses
2025-05-18 16:03:50,703 - INFO - Data fetched: SELECT * FROM Suppliers
2025-05-18 16:04:03,854 - INFO - Database connection established
2025-05-18 16:04:03,855 - INFO - Data fetched: 
        SELECT p.*, s.SupplierName 
        FROM Products p
        LEFT JOIN Suppliers s ON p.SupplierID = s.SupplierID
        
2025-05-18 16:04:03,855 - INFO - Data fetched: SELECT * FROM Suppliers
2025-05-18 16:04:03,856 - INFO - Data fetched: SELECT * FROM Warehouses
2025-05-18 16:04:03,856 - INFO - Data fetched: 
        SELECT p.ProductName, w.WarehouseName, i.Quantity, i.MinStockLevel, i.ProductID, i.WarehouseID
        FROM Inventory i
        JOIN Products p ON i.ProductID = p.ProductID
        JOIN Warehouses w ON i.WarehouseID = w.WarehouseID
        
2025-05-18 16:04:03,857 - INFO - Data fetched: 
        SELECT se.*, p.ProductName, w.WarehouseName 
        FROM StockEntries se
        JOIN Products p ON se.ProductID = p.ProductID
        JOIN Warehouses w ON se.WarehouseID = w.WarehouseID
        
2025-05-18 16:04:03,857 - INFO - Data fetched: 
        SELECT p.*, s.SupplierName 
        FROM Products p
        LEFT JOIN Suppliers s ON p.SupplierID = s.SupplierID
        
2025-05-18 16:04:03,857 - INFO - Data fetched: SELECT * FROM Warehouses
2025-05-18 16:04:03,857 - INFO - Data fetched: SELECT * FROM Suppliers
2025-05-18 16:05:18,416 - INFO - Database connection established
2025-05-18 16:05:18,417 - INFO - Data fetched: 
        SELECT p.*, s.SupplierName 
        FROM Products p
        LEFT JOIN Suppliers s ON p.SupplierID = s.SupplierID
        
2025-05-18 16:05:18,417 - INFO - Data fetched: SELECT * FROM Suppliers
2025-05-18 16:05:18,417 - INFO - Data fetched: SELECT * FROM Warehouses
2025-05-18 16:05:18,418 - INFO - Data fetched: 
        SELECT p.ProductName, w.WarehouseName, i.Quantity, i.MinStockLevel, i.ProductID, i.WarehouseID
        FROM Inventory i
        JOIN Products p ON i.ProductID = p.ProductID
        JOIN Warehouses w ON i.WarehouseID = w.WarehouseID
        
2025-05-18 16:05:18,420 - INFO - Data fetched: 
        SELECT se.*, p.ProductName, w.WarehouseName 
        FROM StockEntries se
        JOIN Products p ON se.ProductID = p.ProductID
        JOIN Warehouses w ON se.WarehouseID = w.WarehouseID
        
2025-05-18 16:05:18,420 - INFO - Data fetched: 
        SELECT p.*, s.SupplierName 
        FROM Products p
        LEFT JOIN Suppliers s ON p.SupplierID = s.SupplierID
        
2025-05-18 16:05:18,420 - INFO - Data fetched: SELECT * FROM Warehouses
2025-05-18 16:05:18,421 - INFO - Data fetched: SELECT * FROM Suppliers
2025-05-18 16:14:54,804 - ERROR - Database connection error: 1049 (42000): Unknown database 'inventory_db'
2025-05-18 16:15:11,770 - ERROR - Database connection error: 1049 (42000): Unknown database 'inventory_db'
2025-05-18 16:19:31,480 - INFO - Database connection established
2025-05-18 16:19:31,483 - INFO - Data fetched: 
        SELECT p.*, s.SupplierName 
        FROM Products p
        LEFT JOIN Suppliers s ON p.SupplierID = s.SupplierID
        
2025-05-18 16:19:31,485 - INFO - Data fetched: SELECT * FROM Suppliers
2025-05-18 16:19:31,486 - INFO - Data fetched: SELECT * FROM Warehouses
2025-05-18 16:19:31,487 - INFO - Data fetched: 
        SELECT p.ProductName, w.WarehouseName, i.Quantity, i.MinStockLevel, i.ProductID, i.WarehouseID
        FROM Inventory i
        JOIN Products p ON i.ProductID = p.ProductID
        JOIN Warehouses w ON i.WarehouseID = w.WarehouseID
        
2025-05-18 16:19:31,488 - INFO - Data fetched: 
        SELECT se.*, p.ProductName, w.WarehouseName 
        FROM StockEntries se
        JOIN Products p ON se.ProductID = p.ProductID
        JOIN Warehouses w ON se.WarehouseID = w.WarehouseID
        
2025-05-18 16:19:31,489 - INFO - Data fetched: 
        SELECT p.*, s.SupplierName 
        FROM Products p
        LEFT JOIN Suppliers s ON p.SupplierID = s.SupplierID
        
2025-05-18 16:19:31,489 - INFO - Data fetched: SELECT * FROM Warehouses
2025-05-18 16:19:31,490 - INFO - Data fetched: SELECT * FROM Suppliers
2025-05-18 16:19:53,558 - INFO - Single data fetched: SELECT * FROM Products WHERE ProductID = %s
2025-05-18 16:19:53,560 - INFO - Single data fetched: SELECT * FROM Suppliers WHERE SupplierID = %s
2025-05-18 16:19:54,434 - INFO - Single data fetched: SELECT * FROM Products WHERE ProductID = %s
2025-05-18 16:19:54,436 - INFO - Single data fetched: SELECT * FROM Suppliers WHERE SupplierID = %s
2025-05-18 16:23:58,832 - INFO - Database connection established
2025-05-18 16:23:58,835 - INFO - Data fetched: 
        SELECT p.*, s.SupplierName 
        FROM Products p
        LEFT JOIN Suppliers s ON p.SupplierID = s.SupplierID
        
2025-05-18 16:23:58,836 - INFO - Data fetched: SELECT * FROM Suppliers
2025-05-18 16:23:58,837 - INFO - Data fetched: SELECT * FROM Warehouses
2025-05-18 16:23:58,837 - INFO - Data fetched: 
        SELECT p.ProductName, w.WarehouseName, i.Quantity, i.MinStockLevel, i.ProductID, i.WarehouseID
        FROM Inventory i
        JOIN Products p ON i.ProductID = p.ProductID
        JOIN Warehouses w ON i.WarehouseID = w.WarehouseID
        
2025-05-18 16:23:58,839 - INFO - Data fetched: 
        SELECT se.*, p.ProductName, w.WarehouseName 
        FROM StockEntries se
        JOIN Products p ON se.ProductID = p.ProductID
        JOIN Warehouses w ON se.WarehouseID = w.WarehouseID
        
2025-05-18 16:23:58,839 - INFO - Data fetched: 
        SELECT p.*, s.SupplierName 
        FROM Products p
        LEFT JOIN Suppliers s ON p.SupplierID = s.SupplierID
        
2025-05-18 16:23:58,840 - INFO - Data fetched: SELECT * FROM Warehouses
2025-05-18 16:23:58,840 - INFO - Data fetched: SELECT * FROM Suppliers
2025-05-18 16:24:40,784 - INFO - Database connection established
2025-05-18 16:24:40,786 - INFO - Data fetched: 
        SELECT p.*, s.SupplierName 
        FROM Products p
        LEFT JOIN Suppliers s ON p.SupplierID = s.SupplierID
        
2025-05-18 16:24:40,787 - INFO - Data fetched: SELECT * FROM Suppliers
2025-05-18 16:24:40,788 - INFO - Data fetched: SELECT * FROM Warehouses
2025-05-18 16:24:40,789 - INFO - Data fetched: 
        SELECT p.ProductName, w.WarehouseName, i.Quantity, i.MinStockLevel, i.ProductID, i.WarehouseID
        FROM Inventory i
        JOIN Products p ON i.ProductID = p.ProductID
        JOIN Warehouses w ON i.WarehouseID = w.WarehouseID
        
2025-05-18 16:24:40,790 - INFO - Data fetched: 
        SELECT se.*, p.ProductName, w.WarehouseName 
        FROM StockEntries se
        JOIN Products p ON se.ProductID = p.ProductID
        JOIN Warehouses w ON se.WarehouseID = w.WarehouseID
        
2025-05-18 16:24:40,791 - INFO - Data fetched: 
        SELECT p.*, s.SupplierName 
        FROM Products p
        LEFT JOIN Suppliers s ON p.SupplierID = s.SupplierID
        
2025-05-18 16:24:40,791 - INFO - Data fetched: SELECT * FROM Warehouses
2025-05-18 16:24:40,791 - INFO - Data fetched: SELECT * FROM Suppliers
2025-05-18 17:00:44,031 - ERROR - Database connection error: 1049 (42000): Unknown database 'inventory_db'
2025-05-18 17:03:58,669 - INFO - Database connection established
2025-05-18 17:03:58,671 - INFO - Data fetched: 
        SELECT p.*, s.SupplierName 
        FROM Products p
        LEFT JOIN Suppliers s ON p.SupplierID = s.SupplierID
        
2025-05-18 17:03:58,672 - INFO - Data fetched: SELECT * FROM Suppliers
2025-05-18 17:03:58,673 - INFO - Data fetched: SELECT * FROM Warehouses
2025-05-18 17:03:58,674 - INFO - Data fetched: 
        SELECT p.ProductName, w.WarehouseName, i.Quantity, i.MinStockLevel, i.ProductID, i.WarehouseID
        FROM Inventory i
        JOIN Products p ON i.ProductID = p.ProductID
        JOIN Warehouses w ON i.WarehouseID = w.WarehouseID
        
2025-05-18 17:03:58,676 - INFO - Data fetched: 
        SELECT se.*, p.ProductName, w.WarehouseName 
        FROM StockEntries se
        JOIN Products p ON se.ProductID = p.ProductID
        JOIN Warehouses w ON se.WarehouseID = w.WarehouseID
        
2025-05-18 17:03:58,677 - INFO - Data fetched: 
        SELECT p.*, s.SupplierName 
        FROM Products p
        LEFT JOIN Suppliers s ON p.SupplierID = s.SupplierID
        
2025-05-18 17:03:58,678 - INFO - Data fetched: SELECT * FROM Warehouses
2025-05-18 17:03:58,678 - INFO - Data fetched: SELECT * FROM Suppliers
2025-05-18 17:04:40,667 - INFO - Single data fetched: SELECT * FROM Products WHERE ProductID = %s
2025-05-18 17:04:40,668 - INFO - Single data fetched: SELECT * FROM Suppliers WHERE SupplierID = %s
2025-05-18 17:04:42,377 - ERROR - Query execution error: DELETE FROM Products WHERE ProductID = %s - 1451 (23000): Cannot delete or update a parent row: a foreign key constraint fails (`inventory_db`.`inventory`, CONSTRAINT `inventory_ibfk_1` FOREIGN KEY (`ProductID`) REFERENCES `products` (`ProductID`))
2025-05-18 17:04:46,487 - INFO - Query executed: 
        INSERT INTO Products (ProductName, Description, UnitPrice, SupplierID) 
        VALUES (%s, %s, %s, %s)
        
2025-05-18 17:04:46,490 - INFO - Data fetched: 
        SELECT p.*, s.SupplierName 
        FROM Products p
        LEFT JOIN Suppliers s ON p.SupplierID = s.SupplierID
        
2025-05-18 17:04:46,491 - INFO - Data fetched: 
        SELECT p.*, s.SupplierName 
        FROM Products p
        LEFT JOIN Suppliers s ON p.SupplierID = s.SupplierID
        
2025-05-18 17:04:46,492 - INFO - Data fetched: SELECT * FROM Warehouses
2025-05-18 17:04:46,493 - INFO - Data fetched: SELECT * FROM Suppliers
2025-05-18 17:07:08,824 - INFO - Database connection established
2025-05-18 17:07:08,826 - INFO - Data fetched: 
        SELECT p.*, s.SupplierName 
        FROM Products p
        LEFT JOIN Suppliers s ON p.SupplierID = s.SupplierID
        
2025-05-18 17:07:08,827 - INFO - Data fetched: SELECT * FROM Suppliers
2025-05-18 17:07:08,827 - INFO - Data fetched: SELECT * FROM Warehouses
2025-05-18 17:07:08,828 - INFO - Data fetched: 
        SELECT p.ProductName, w.WarehouseName, i.Quantity, i.MinStockLevel, i.ProductID, i.WarehouseID
        FROM Inventory i
        JOIN Products p ON i.ProductID = p.ProductID
        JOIN Warehouses w ON i.WarehouseID = w.WarehouseID
        
2025-05-18 17:07:08,829 - INFO - Data fetched: 
        SELECT se.*, p.ProductName, w.WarehouseName 
        FROM StockEntries se
        JOIN Products p ON se.ProductID = p.ProductID
        JOIN Warehouses w ON se.WarehouseID = w.WarehouseID
        
2025-05-18 17:07:08,830 - INFO - Data fetched: 
        SELECT p.*, s.SupplierName 
        FROM Products p
        LEFT JOIN Suppliers s ON p.SupplierID = s.SupplierID
        
2025-05-18 17:07:08,830 - INFO - Data fetched: SELECT * FROM Warehouses
2025-05-18 17:07:08,831 - INFO - Data fetched: SELECT * FROM Suppliers
2025-05-18 17:08:51,369 - INFO - Database connection established
2025-05-18 17:08:51,370 - INFO - Data fetched: 
        SELECT p.*, s.SupplierName 
        FROM Products p
        LEFT JOIN Suppliers s ON p.SupplierID = s.SupplierID
        
2025-05-18 17:08:51,371 - INFO - Data fetched: SELECT * FROM Suppliers
2025-05-18 17:08:51,372 - INFO - Data fetched: SELECT * FROM Warehouses
2025-05-18 17:08:51,372 - INFO - Data fetched: 
        SELECT p.ProductName, w.WarehouseName, i.Quantity, i.MinStockLevel, i.ProductID, i.WarehouseID
        FROM Inventory i
        JOIN Products p ON i.ProductID = p.ProductID
        JOIN Warehouses w ON i.WarehouseID = w.WarehouseID
        
2025-05-18 17:08:51,373 - INFO - Data fetched: 
        SELECT se.*, p.ProductName, w.WarehouseName 
        FROM StockEntries se
        JOIN Products p ON se.ProductID = p.ProductID
        JOIN Warehouses w ON se.WarehouseID = w.WarehouseID
        
2025-05-18 17:08:51,374 - INFO - Data fetched: 
        SELECT p.*, s.SupplierName 
        FROM Products p
        LEFT JOIN Suppliers s ON p.SupplierID = s.SupplierID
        
2025-05-18 17:08:51,374 - INFO - Data fetched: SELECT * FROM Warehouses
2025-05-18 17:08:51,375 - INFO - Data fetched: SELECT * FROM Suppliers
2025-05-18 17:09:04,472 - INFO - Database connection established
2025-05-18 17:09:04,474 - INFO - Data fetched: 
        SELECT p.*, s.SupplierName 
        FROM Products p
        LEFT JOIN Suppliers s ON p.SupplierID = s.SupplierID
        
2025-05-18 17:09:04,475 - INFO - Data fetched: SELECT * FROM Suppliers
2025-05-18 17:09:04,475 - INFO - Data fetched: SELECT * FROM Warehouses
2025-05-18 17:09:04,476 - INFO - Data fetched: 
        SELECT p.ProductName, w.WarehouseName, i.Quantity, i.MinStockLevel, i.ProductID, i.WarehouseID
        FROM Inventory i
        JOIN Products p ON i.ProductID = p.ProductID
        JOIN Warehouses w ON i.WarehouseID = w.WarehouseID
        
2025-05-18 17:09:04,478 - INFO - Data fetched: 
        SELECT se.*, p.ProductName, w.WarehouseName 
        FROM StockEntries se
        JOIN Products p ON se.ProductID = p.ProductID
        JOIN Warehouses w ON se.WarehouseID = w.WarehouseID
        
2025-05-18 17:09:04,478 - INFO - Data fetched: 
        SELECT p.*, s.SupplierName 
        FROM Products p
        LEFT JOIN Suppliers s ON p.SupplierID = s.SupplierID
        
2025-05-18 17:09:04,479 - INFO - Data fetched: SELECT * FROM Warehouses
2025-05-18 17:09:04,479 - INFO - Data fetched: SELECT * FROM Suppliers
2025-05-18 17:17:19,877 - INFO - Database connection established
2025-05-18 17:17:19,880 - INFO - Data fetched: 
        SELECT p.*, s.SupplierName 
        FROM Products p
        LEFT JOIN Suppliers s ON p.SupplierID = s.SupplierID
        
2025-05-18 17:17:19,881 - INFO - Data fetched: SELECT * FROM Suppliers
2025-05-18 17:17:19,882 - INFO - Data fetched: SELECT * FROM Warehouses
2025-05-18 17:17:19,883 - INFO - Data fetched: 
        SELECT p.ProductName, w.WarehouseName, i.Quantity, i.MinStockLevel, i.ProductID, i.WarehouseID
        FROM Inventory i
        JOIN Products p ON i.ProductID = p.ProductID
        JOIN Warehouses w ON i.WarehouseID = w.WarehouseID
        
2025-05-18 17:17:19,884 - INFO - Data fetched: 
        SELECT se.*, p.ProductName, w.WarehouseName 
        FROM StockEntries se
        JOIN Products p ON se.ProductID = p.ProductID
        JOIN Warehouses w ON se.WarehouseID = w.WarehouseID
        
2025-05-18 17:17:19,885 - INFO - Data fetched: 
        SELECT p.*, s.SupplierName 
        FROM Products p
        LEFT JOIN Suppliers s ON p.SupplierID = s.SupplierID
        
2025-05-18 17:17:19,886 - INFO - Data fetched: SELECT * FROM Warehouses
2025-05-18 17:17:19,886 - INFO - Data fetched: SELECT * FROM Suppliers
2025-05-18 17:42:34,943 - INFO - Database connection established
2025-05-18 17:42:34,946 - INFO - Data fetched: 
        SELECT p.*, s.SupplierName 
        FROM Products p
        LEFT JOIN Suppliers s ON p.SupplierID = s.SupplierID
        
2025-05-18 17:42:34,946 - INFO - Data fetched: SELECT * FROM Suppliers
2025-05-18 17:42:34,948 - INFO - Data fetched: SELECT * FROM Warehouses
2025-05-18 17:42:34,949 - INFO - Data fetched: 
        SELECT p.ProductName, w.WarehouseName, i.Quantity, i.MinStockLevel, i.ProductID, i.WarehouseID
        FROM Inventory i
        JOIN Products p ON i.ProductID = p.ProductID
        JOIN Warehouses w ON i.WarehouseID = w.WarehouseID
        
2025-05-18 17:42:34,952 - INFO - Data fetched: 
        SELECT se.*, p.ProductName, w.WarehouseName 
        FROM StockEntries se
        JOIN Products p ON se.ProductID = p.ProductID
        JOIN Warehouses w ON se.WarehouseID = w.WarehouseID
        
2025-05-18 17:42:34,953 - INFO - Data fetched: 
        SELECT p.*, s.SupplierName 
        FROM Products p
        LEFT JOIN Suppliers s ON p.SupplierID = s.SupplierID
        
2025-05-18 17:42:34,953 - INFO - Data fetched: SELECT * FROM Warehouses
2025-05-18 17:42:34,955 - INFO - Data fetched: SELECT * FROM Suppliers
2025-05-18 17:55:03,040 - INFO - Database connection established
2025-05-18 17:55:03,043 - INFO - Data fetched: 
        SELECT p.*, s.SupplierName 
        FROM Products p
        LEFT JOIN Suppliers s ON p.SupplierID = s.SupplierID
        
2025-05-18 17:55:03,045 - INFO - Data fetched: SELECT * FROM Suppliers
2025-05-18 17:55:03,046 - INFO - Data fetched: SELECT * FROM Warehouses
2025-05-18 17:55:03,047 - INFO - Data fetched: 
        SELECT p.ProductName, w.WarehouseName, i.Quantity, i.MinStockLevel, i.ProductID, i.WarehouseID
        FROM Inventory i
        JOIN Products p ON i.ProductID = p.ProductID
        JOIN Warehouses w ON i.WarehouseID = w.WarehouseID
        
2025-05-18 17:55:03,048 - INFO - Data fetched: 
        SELECT se.*, p.ProductName, w.WarehouseName 
        FROM StockEntries se
        JOIN Products p ON se.ProductID = p.ProductID
        JOIN Warehouses w ON se.WarehouseID = w.WarehouseID
        
2025-05-18 17:55:03,049 - INFO - Data fetched: 
        SELECT p.*, s.SupplierName 
        FROM Products p
        LEFT JOIN Suppliers s ON p.SupplierID = s.SupplierID
        
2025-05-18 17:55:03,049 - INFO - Data fetched: SELECT * FROM Warehouses
2025-05-18 17:55:03,049 - INFO - Data fetched: SELECT * FROM Suppliers
2025-05-18 17:58:57,438 - INFO - Database connection established
2025-05-18 17:58:57,439 - INFO - Data fetched: 
        SELECT p.*, s.SupplierName 
        FROM Products p
        LEFT JOIN Suppliers s ON p.SupplierID = s.SupplierID
        
2025-05-18 17:58:57,440 - INFO - Data fetched: SELECT * FROM Suppliers
2025-05-18 17:58:57,442 - INFO - Data fetched: SELECT * FROM Warehouses
2025-05-18 17:58:57,443 - INFO - Data fetched: 
        SELECT p.ProductName, w.WarehouseName, i.Quantity, i.MinStockLevel, i.ProductID, i.WarehouseID
        FROM Inventory i
        JOIN Products p ON i.ProductID = p.ProductID
        JOIN Warehouses w ON i.WarehouseID = w.WarehouseID
        
2025-05-18 17:58:57,444 - INFO - Data fetched: 
        SELECT se.*, p.ProductName, w.WarehouseName 
        FROM StockEntries se
        JOIN Products p ON se.ProductID = p.ProductID
        JOIN Warehouses w ON se.WarehouseID = w.WarehouseID
        
2025-05-18 17:58:57,445 - INFO - Data fetched: 
        SELECT p.*, s.SupplierName 
        FROM Products p
        LEFT JOIN Suppliers s ON p.SupplierID = s.SupplierID
        
2025-05-18 17:58:57,445 - INFO - Data fetched: SELECT * FROM Warehouses
2025-05-18 17:58:57,446 - INFO - Data fetched: SELECT * FROM Suppliers
2025-05-18 17:59:33,885 - INFO - Database connection established
2025-05-18 17:59:33,888 - INFO - Data fetched: 
        SELECT p.*, s.SupplierName 
        FROM Products p
        LEFT JOIN Suppliers s ON p.SupplierID = s.SupplierID
        
2025-05-18 17:59:33,889 - INFO - Data fetched: SELECT * FROM Suppliers
2025-05-18 17:59:33,890 - INFO - Data fetched: SELECT * FROM Warehouses
2025-05-18 17:59:33,892 - INFO - Data fetched: 
        SELECT p.ProductName, w.WarehouseName, i.Quantity, i.MinStockLevel, i.ProductID, i.WarehouseID
        FROM Inventory i
        JOIN Products p ON i.ProductID = p.ProductID
        JOIN Warehouses w ON i.WarehouseID = w.WarehouseID
        
2025-05-18 17:59:33,893 - INFO - Data fetched: 
        SELECT se.*, p.ProductName, w.WarehouseName 
        FROM StockEntries se
        JOIN Products p ON se.ProductID = p.ProductID
        JOIN Warehouses w ON se.WarehouseID = w.WarehouseID
        
2025-05-18 17:59:33,895 - INFO - Data fetched: 
        SELECT p.*, s.SupplierName 
        FROM Products p
        LEFT JOIN Suppliers s ON p.SupplierID = s.SupplierID
        
2025-05-18 17:59:33,895 - INFO - Data fetched: SELECT * FROM Warehouses
2025-05-18 17:59:33,896 - INFO - Data fetched: SELECT * FROM Suppliers
2025-05-18 18:08:55,581 - INFO - Database connection established
2025-05-18 18:08:55,583 - INFO - Data fetched: 
        SELECT p.*, s.SupplierName 
        FROM Products p
        LEFT JOIN Suppliers s ON p.SupplierID = s.SupplierID
        
2025-05-18 18:08:55,584 - INFO - Data fetched: SELECT * FROM Suppliers
2025-05-18 18:08:55,584 - INFO - Data fetched: SELECT * FROM Warehouses
2025-05-18 18:08:55,585 - INFO - Data fetched: 
        SELECT p.ProductName, w.WarehouseName, i.Quantity, i.MinStockLevel, i.ProductID, i.WarehouseID
        FROM Inventory i
        JOIN Products p ON i.ProductID = p.ProductID
        JOIN Warehouses w ON i.WarehouseID = w.WarehouseID
        
2025-05-18 18:08:55,586 - INFO - Data fetched: 
        SELECT se.*, p.ProductName, w.WarehouseName 
        FROM StockEntries se
        JOIN Products p ON se.ProductID = p.ProductID
        JOIN Warehouses w ON se.WarehouseID = w.WarehouseID
        
2025-05-18 18:08:55,587 - INFO - Data fetched: 
        SELECT p.*, s.SupplierName 
        FROM Products p
        LEFT JOIN Suppliers s ON p.SupplierID = s.SupplierID
        
2025-05-18 18:08:55,589 - INFO - Data fetched: SELECT * FROM Warehouses
2025-05-18 18:08:55,589 - INFO - Data fetched: SELECT * FROM Suppliers
2025-05-18 18:09:12,050 - INFO - Database connection established
2025-05-18 18:09:12,053 - INFO - Data fetched: 
        SELECT p.*, s.SupplierName 
        FROM Products p
        LEFT JOIN Suppliers s ON p.SupplierID = s.SupplierID
        
2025-05-18 18:09:12,054 - INFO - Data fetched: SELECT * FROM Suppliers
2025-05-18 18:09:12,056 - INFO - Data fetched: SELECT * FROM Warehouses
2025-05-18 18:09:12,058 - INFO - Data fetched: 
        SELECT p.ProductName, w.WarehouseName, i.Quantity, i.MinStockLevel, i.ProductID, i.WarehouseID
        FROM Inventory i
        JOIN Products p ON i.ProductID = p.ProductID
        JOIN Warehouses w ON i.WarehouseID = w.WarehouseID
        
2025-05-18 18:09:12,060 - INFO - Data fetched: 
        SELECT se.*, p.ProductName, w.WarehouseName 
        FROM StockEntries se
        JOIN Products p ON se.ProductID = p.ProductID
        JOIN Warehouses w ON se.WarehouseID = w.WarehouseID
        
2025-05-18 18:09:12,062 - INFO - Data fetched: 
        SELECT p.*, s.SupplierName 
        FROM Products p
        LEFT JOIN Suppliers s ON p.SupplierID = s.SupplierID
        
2025-05-18 18:09:12,062 - INFO - Data fetched: SELECT * FROM Warehouses
2025-05-18 18:09:12,063 - INFO - Data fetched: SELECT * FROM Suppliers
2025-05-18 18:15:13,491 - INFO - Database connection established
2025-05-18 18:15:13,508 - INFO - Data fetched: 
        SELECT p.*, s.SupplierName 
        FROM Products p
        LEFT JOIN Suppliers s ON p.SupplierID = s.SupplierID
        
2025-05-18 18:15:13,510 - INFO - Data fetched: SELECT * FROM Suppliers
2025-05-18 18:15:13,514 - INFO - Data fetched: SELECT * FROM Warehouses
2025-05-18 18:15:13,521 - INFO - Data fetched: 
        SELECT p.ProductName, w.WarehouseName, i.Quantity, i.MinStockLevel, i.ProductID, i.WarehouseID
        FROM Inventory i
        JOIN Products p ON i.ProductID = p.ProductID
        JOIN Warehouses w ON i.WarehouseID = w.WarehouseID
        
2025-05-18 18:15:13,526 - INFO - Data fetched: 
        SELECT se.*, p.ProductName, w.WarehouseName 
        FROM StockEntries se
        JOIN Products p ON se.ProductID = p.ProductID
        JOIN Warehouses w ON se.WarehouseID = w.WarehouseID
        
2025-05-18 18:15:13,529 - INFO - Data fetched: 
        SELECT p.*, s.SupplierName 
        FROM Products p
        LEFT JOIN Suppliers s ON p.SupplierID = s.SupplierID
        
2025-05-18 18:15:13,529 - INFO - Data fetched: SELECT * FROM Warehouses
2025-05-18 18:15:13,531 - INFO - Data fetched: SELECT * FROM Suppliers
2025-05-18 20:15:28,937 - INFO - Database connection established
2025-05-18 20:15:28,941 - INFO - Data fetched: 
        SELECT p.*, s.SupplierName 
        FROM Products p
        LEFT JOIN Suppliers s ON p.SupplierID = s.SupplierID
        
2025-05-18 20:15:28,943 - INFO - Data fetched: SELECT * FROM Suppliers
2025-05-18 20:15:28,945 - INFO - Data fetched: SELECT * FROM Warehouses
2025-05-18 20:15:28,948 - INFO - Data fetched: 
        SELECT p.ProductName, w.WarehouseName, i.Quantity, i.MinStockLevel, i.ProductID, i.WarehouseID
        FROM Inventory i
        JOIN Products p ON i.ProductID = p.ProductID
        JOIN Warehouses w ON i.WarehouseID = w.WarehouseID
        
2025-05-18 20:15:28,951 - INFO - Data fetched: 
        SELECT se.*, p.ProductName, w.WarehouseName 
        FROM StockEntries se
        JOIN Products p ON se.ProductID = p.ProductID
        JOIN Warehouses w ON se.WarehouseID = w.WarehouseID
        
2025-05-18 20:15:28,952 - INFO - Data fetched: 
        SELECT p.*, s.SupplierName 
        FROM Products p
        LEFT JOIN Suppliers s ON p.SupplierID = s.SupplierID
        
2025-05-18 20:15:28,952 - INFO - Data fetched: SELECT * FROM Warehouses
2025-05-18 20:15:28,953 - INFO - Data fetched: SELECT * FROM Suppliers
2025-05-18 20:52:39,273 - INFO - Database connection established
2025-05-18 20:52:39,273 - INFO - Data fetched: 
        SELECT p.*, s.SupplierName 
        FROM Products p
        LEFT JOIN Suppliers s ON p.SupplierID = s.SupplierID
        
2025-05-18 20:52:39,273 - INFO - Data fetched: SELECT * FROM Suppliers
2025-05-18 20:52:39,289 - INFO - Data fetched: SELECT * FROM Warehouses
2025-05-18 20:52:39,289 - INFO - Data fetched: 
        SELECT p.ProductName, w.WarehouseName, i.Quantity, i.MinStockLevel, i.ProductID, i.WarehouseID
        FROM Inventory i
        JOIN Products p ON i.ProductID = p.ProductID
        JOIN Warehouses w ON i.WarehouseID = w.WarehouseID
        
2025-05-18 20:52:39,289 - INFO - Data fetched: 
        SELECT se.*, p.ProductName, w.WarehouseName 
        FROM StockEntries se
        JOIN Products p ON se.ProductID = p.ProductID
        JOIN Warehouses w ON se.WarehouseID = w.WarehouseID
        
2025-05-18 20:52:39,289 - INFO - Data fetched: 
        SELECT p.*, s.SupplierName 
        FROM Products p
        LEFT JOIN Suppliers s ON p.SupplierID = s.SupplierID
        
2025-05-18 20:52:39,289 - INFO - Data fetched: SELECT * FROM Warehouses
2025-05-18 20:52:39,289 - INFO - Data fetched: SELECT * FROM Suppliers
2025-05-18 21:35:22,249 - INFO - Database connection established
2025-05-18 21:35:22,269 - INFO - Data fetched: 
        SELECT p.*, s.SupplierName 
        FROM Products p
        LEFT JOIN Suppliers s ON p.SupplierID = s.SupplierID
        
2025-05-18 21:35:22,272 - INFO - Data fetched: SELECT * FROM Suppliers
2025-05-18 21:35:22,276 - INFO - Data fetched: SELECT * FROM Warehouses
2025-05-18 21:35:22,280 - INFO - Data fetched: 
        SELECT p.ProductName, w.WarehouseName, i.Quantity, i.MinStockLevel, i.ProductID, i.WarehouseID
        FROM Inventory i
        JOIN Products p ON i.ProductID = p.ProductID
        JOIN Warehouses w ON i.WarehouseID = w.WarehouseID
        
2025-05-18 21:35:22,293 - INFO - Data fetched: 
        SELECT se.*, p.ProductName, w.WarehouseName 
        FROM StockEntries se
        JOIN Products p ON se.ProductID = p.ProductID
        JOIN Warehouses w ON se.WarehouseID = w.WarehouseID
        
2025-05-18 21:35:22,295 - INFO - Data fetched: 
        SELECT p.*, s.SupplierName 
        FROM Products p
        LEFT JOIN Suppliers s ON p.SupplierID = s.SupplierID
        
2025-05-18 21:35:22,299 - INFO - Data fetched: SELECT * FROM Warehouses
2025-05-18 21:35:22,300 - INFO - Data fetched: SELECT * FROM Suppliers
2025-05-18 21:43:28,031 - INFO - Database connection established
2025-05-18 21:43:28,041 - INFO - Data fetched: 
        SELECT p.*, s.SupplierName 
        FROM Products p
        LEFT JOIN Suppliers s ON p.SupplierID = s.SupplierID
        
2025-05-18 21:43:28,043 - INFO - Data fetched: SELECT * FROM Suppliers
2025-05-18 21:43:28,049 - INFO - Data fetched: SELECT * FROM Warehouses
2025-05-18 21:43:28,050 - INFO - Data fetched: 
        SELECT p.ProductName, w.WarehouseName, i.Quantity, i.MinStockLevel, i.ProductID, i.WarehouseID
        FROM Inventory i
        JOIN Products p ON i.ProductID = p.ProductID
        JOIN Warehouses w ON i.WarehouseID = w.WarehouseID
        
2025-05-18 21:43:28,050 - INFO - Data fetched: 
        SELECT se.*, p.ProductName, w.WarehouseName 
        FROM StockEntries se
        JOIN Products p ON se.ProductID = p.ProductID
        JOIN Warehouses w ON se.WarehouseID = w.WarehouseID
        
2025-05-18 21:43:28,057 - INFO - Data fetched: 
        SELECT p.*, s.SupplierName 
        FROM Products p
        LEFT JOIN Suppliers s ON p.SupplierID = s.SupplierID
        
2025-05-18 21:43:28,058 - INFO - Data fetched: SELECT * FROM Warehouses
2025-05-18 21:43:28,059 - INFO - Data fetched: SELECT * FROM Suppliers
2025-05-18 21:43:57,339 - INFO - Query executed: 
        INSERT INTO Products (ProductName, Description, UnitPrice, SupplierID) 
        VALUES (%s, %s, %s, %s)
        
2025-05-18 21:43:57,342 - INFO - Data fetched: 
        SELECT p.*, s.SupplierName 
        FROM Products p
        LEFT JOIN Suppliers s ON p.SupplierID = s.SupplierID
        
2025-05-18 21:43:57,342 - INFO - Data fetched: 
        SELECT p.*, s.SupplierName 
        FROM Products p
        LEFT JOIN Suppliers s ON p.SupplierID = s.SupplierID
        
2025-05-18 21:43:57,346 - INFO - Data fetched: SELECT * FROM Warehouses
2025-05-18 21:43:57,347 - INFO - Data fetched: SELECT * FROM Suppliers
2025-05-18 21:43:58,670 - INFO - Single data fetched: SELECT * FROM Products WHERE ProductID = %s
2025-05-18 21:43:58,671 - INFO - Single data fetched: SELECT * FROM Suppliers WHERE SupplierID = %s
2025-05-18 21:43:59,614 - INFO - Query executed: 
        INSERT INTO Products (ProductName, Description, UnitPrice, SupplierID) 
        VALUES (%s, %s, %s, %s)
        
2025-05-18 21:43:59,616 - INFO - Data fetched: 
        SELECT p.*, s.SupplierName 
        FROM Products p
        LEFT JOIN Suppliers s ON p.SupplierID = s.SupplierID
        
2025-05-18 21:43:59,618 - INFO - Data fetched: 
        SELECT p.*, s.SupplierName 
        FROM Products p
        LEFT JOIN Suppliers s ON p.SupplierID = s.SupplierID
        
2025-05-18 21:43:59,620 - INFO - Data fetched: SELECT * FROM Warehouses
2025-05-18 21:43:59,623 - INFO - Data fetched: SELECT * FROM Suppliers
2025-05-18 21:44:01,072 - INFO - Single data fetched: SELECT * FROM Products WHERE ProductID = %s
2025-05-18 21:44:01,072 - INFO - Single data fetched: SELECT * FROM Suppliers WHERE SupplierID = %s
2025-05-18 21:44:02,788 - INFO - Query executed: DELETE FROM Products WHERE ProductID = %s
2025-05-18 21:44:02,789 - INFO - Data fetched: 
        SELECT p.*, s.SupplierName 
        FROM Products p
        LEFT JOIN Suppliers s ON p.SupplierID = s.SupplierID
        
2025-05-18 21:44:02,791 - INFO - Data fetched: 
        SELECT p.*, s.SupplierName 
        FROM Products p
        LEFT JOIN Suppliers s ON p.SupplierID = s.SupplierID
        
2025-05-18 21:44:02,791 - INFO - Data fetched: SELECT * FROM Warehouses
2025-05-18 21:44:02,791 - INFO - Data fetched: SELECT * FROM Suppliers
2025-05-18 21:44:03,881 - INFO - Single data fetched: SELECT * FROM Products WHERE ProductID = %s
2025-05-18 21:44:03,881 - INFO - Single data fetched: SELECT * FROM Suppliers WHERE SupplierID = %s
2025-05-18 21:44:05,156 - INFO - Query executed: DELETE FROM Products WHERE ProductID = %s
2025-05-18 21:44:05,162 - INFO - Data fetched: 
        SELECT p.*, s.SupplierName 
        FROM Products p
        LEFT JOIN Suppliers s ON p.SupplierID = s.SupplierID
        
2025-05-18 21:44:05,162 - INFO - Data fetched: 
        SELECT p.*, s.SupplierName 
        FROM Products p
        LEFT JOIN Suppliers s ON p.SupplierID = s.SupplierID
        
2025-05-18 21:44:05,168 - INFO - Data fetched: SELECT * FROM Warehouses
2025-05-18 21:44:05,173 - INFO - Data fetched: SELECT * FROM Suppliers
2025-05-18 21:46:14,166 - INFO - Database connection established
2025-05-18 21:46:14,172 - INFO - Data fetched: 
        SELECT p.*, s.SupplierName 
        FROM Products p
        LEFT JOIN Suppliers s ON p.SupplierID = s.SupplierID
        
2025-05-18 21:46:14,172 - INFO - Data fetched: SELECT * FROM Suppliers
2025-05-18 21:46:14,174 - INFO - Data fetched: SELECT * FROM Warehouses
2025-05-18 21:46:14,176 - INFO - Data fetched: 
        SELECT p.ProductName, w.WarehouseName, i.Quantity, i.MinStockLevel, i.ProductID, i.WarehouseID
        FROM Inventory i
        JOIN Products p ON i.ProductID = p.ProductID
        JOIN Warehouses w ON i.WarehouseID = w.WarehouseID
        
2025-05-18 21:46:14,178 - INFO - Data fetched: 
        SELECT se.*, p.ProductName, w.WarehouseName 
        FROM StockEntries se
        JOIN Products p ON se.ProductID = p.ProductID
        JOIN Warehouses w ON se.WarehouseID = w.WarehouseID
        
2025-05-18 21:46:14,180 - INFO - Data fetched: 
        SELECT p.*, s.SupplierName 
        FROM Products p
        LEFT JOIN Suppliers s ON p.SupplierID = s.SupplierID
        
2025-05-18 21:46:14,182 - INFO - Data fetched: SELECT * FROM Warehouses
2025-05-18 21:46:14,183 - INFO - Data fetched: SELECT * FROM Suppliers
2025-05-18 21:46:50,413 - INFO - Database connection established
2025-05-18 21:46:50,416 - INFO - Data fetched: 
        SELECT p.*, s.SupplierName 
        FROM Products p
        LEFT JOIN Suppliers s ON p.SupplierID = s.SupplierID
        
2025-05-18 21:46:50,418 - INFO - Data fetched: SELECT * FROM Suppliers
2025-05-18 21:46:50,420 - INFO - Data fetched: SELECT * FROM Warehouses
2025-05-18 21:46:50,423 - INFO - Data fetched: 
        SELECT p.ProductName, w.WarehouseName, i.Quantity, i.MinStockLevel, i.ProductID, i.WarehouseID
        FROM Inventory i
        JOIN Products p ON i.ProductID = p.ProductID
        JOIN Warehouses w ON i.WarehouseID = w.WarehouseID
        
2025-05-18 21:46:50,426 - INFO - Data fetched: 
        SELECT se.*, p.ProductName, w.WarehouseName 
        FROM StockEntries se
        JOIN Products p ON se.ProductID = p.ProductID
        JOIN Warehouses w ON se.WarehouseID = w.WarehouseID
        
2025-05-18 21:46:50,429 - INFO - Data fetched: 
        SELECT p.*, s.SupplierName 
        FROM Products p
        LEFT JOIN Suppliers s ON p.SupplierID = s.SupplierID
        
2025-05-18 21:46:50,435 - INFO - Data fetched: SELECT * FROM Warehouses
2025-05-18 21:46:50,436 - INFO - Data fetched: SELECT * FROM Suppliers
2025-05-18 21:46:53,051 - INFO - Single data fetched: SELECT * FROM Products WHERE ProductID = %s
2025-05-18 21:46:53,056 - INFO - Single data fetched: SELECT * FROM Suppliers WHERE SupplierID = %s
2025-05-18 21:46:54,873 - INFO - Single data fetched: SELECT * FROM Products WHERE ProductID = %s
2025-05-18 21:46:54,873 - INFO - Single data fetched: SELECT * FROM Suppliers WHERE SupplierID = %s
2025-05-18 21:46:55,190 - INFO - Single data fetched: SELECT * FROM Products WHERE ProductID = %s
2025-05-18 21:46:55,192 - INFO - Single data fetched: SELECT * FROM Suppliers WHERE SupplierID = %s
2025-05-18 21:46:55,550 - INFO - Single data fetched: SELECT * FROM Products WHERE ProductID = %s
2025-05-18 21:46:55,551 - INFO - Single data fetched: SELECT * FROM Suppliers WHERE SupplierID = %s
2025-05-18 21:47:15,764 - INFO - Single data fetched: SELECT * FROM Products WHERE ProductID = %s
2025-05-18 21:47:15,764 - INFO - Single data fetched: SELECT * FROM Suppliers WHERE SupplierID = %s
2025-05-18 21:47:16,300 - INFO - Single data fetched: SELECT * FROM Products WHERE ProductID = %s
2025-05-18 21:47:16,302 - INFO - Single data fetched: SELECT * FROM Suppliers WHERE SupplierID = %s
2025-05-18 21:47:16,525 - INFO - Single data fetched: SELECT * FROM Products WHERE ProductID = %s
2025-05-18 21:47:16,525 - INFO - Single data fetched: SELECT * FROM Suppliers WHERE SupplierID = %s
2025-05-18 21:47:18,000 - INFO - Single data fetched: SELECT * FROM Products WHERE ProductID = %s
2025-05-18 21:47:18,000 - INFO - Single data fetched: SELECT * FROM Suppliers WHERE SupplierID = %s
2025-05-18 21:47:21,073 - INFO - Single data fetched: SELECT * FROM Suppliers WHERE SupplierID = %s
2025-05-18 21:47:21,364 - INFO - Single data fetched: SELECT * FROM Suppliers WHERE SupplierID = %s
2025-05-18 21:47:21,929 - INFO - Single data fetched: SELECT * FROM Suppliers WHERE SupplierID = %s
2025-05-18 21:47:22,198 - INFO - Single data fetched: SELECT * FROM Suppliers WHERE SupplierID = %s
2025-05-18 21:47:22,452 - INFO - Single data fetched: SELECT * FROM Suppliers WHERE SupplierID = %s
2025-05-18 21:47:39,022 - INFO - Procedure called: CheckLowStock
2025-05-18 21:47:40,580 - INFO - Procedure called: CalculateTotalStockValue
2025-05-18 21:47:41,824 - INFO - Data fetched: SELECT * FROM Warehouses
2025-05-18 21:47:41,825 - INFO - Data fetched: 
        SELECT p.ProductName, w.WarehouseName, i.Quantity, i.MinStockLevel, i.ProductID, i.WarehouseID
        FROM Inventory i
        JOIN Products p ON i.ProductID = p.ProductID
        JOIN Warehouses w ON i.WarehouseID = w.WarehouseID
        
2025-05-18 21:47:41,827 - INFO - Data fetched: 
        SELECT p.ProductName, w.WarehouseName, i.Quantity, i.MinStockLevel, i.ProductID, i.WarehouseID
        FROM Inventory i
        JOIN Products p ON i.ProductID = p.ProductID
        JOIN Warehouses w ON i.WarehouseID = w.WarehouseID
        
2025-05-18 21:47:41,829 - INFO - Data fetched: 
        SELECT p.ProductName, w.WarehouseName, i.Quantity, i.MinStockLevel, i.ProductID, i.WarehouseID
        FROM Inventory i
        JOIN Products p ON i.ProductID = p.ProductID
        JOIN Warehouses w ON i.WarehouseID = w.WarehouseID
        
2025-05-18 21:47:41,831 - INFO - Data fetched: 
        SELECT p.ProductName, w.WarehouseName, i.Quantity, i.MinStockLevel, i.ProductID, i.WarehouseID
        FROM Inventory i
        JOIN Products p ON i.ProductID = p.ProductID
        JOIN Warehouses w ON i.WarehouseID = w.WarehouseID
        
2025-05-18 21:47:41,833 - INFO - Data fetched: 
        SELECT p.ProductName, w.WarehouseName, i.Quantity, i.MinStockLevel, i.ProductID, i.WarehouseID
        FROM Inventory i
        JOIN Products p ON i.ProductID = p.ProductID
        JOIN Warehouses w ON i.WarehouseID = w.WarehouseID
        
2025-05-18 21:47:45,464 - INFO - Data fetched: SELECT * FROM SupplierDeliveryHistory
2025-05-18 21:47:46,561 - INFO - Data fetched: 
        SELECT ih.*, p.ProductName, w.WarehouseName 
        FROM InventoryHistory ih
        JOIN Products p ON ih.ProductID = p.ProductID
        JOIN Warehouses w ON ih.WarehouseID = w.WarehouseID
        WHERE DATE(ih.TransactionDate) BETWEEN %s AND %s
        ORDER BY ih.TransactionDate DESC
        
2025-05-18 21:55:12,533 - INFO - Database connection established
2025-05-18 21:55:12,533 - INFO - Data fetched: 
        SELECT p.*, s.SupplierName 
        FROM Products p
        LEFT JOIN Suppliers s ON p.SupplierID = s.SupplierID
        
2025-05-18 21:55:12,533 - INFO - Data fetched: SELECT * FROM Suppliers
2025-05-18 21:55:12,541 - INFO - Data fetched: SELECT * FROM Warehouses
2025-05-18 21:55:12,543 - INFO - Data fetched: 
        SELECT p.ProductName, w.WarehouseName, i.Quantity, i.MinStockLevel, i.ProductID, i.WarehouseID
        FROM Inventory i
        JOIN Products p ON i.ProductID = p.ProductID
        JOIN Warehouses w ON i.WarehouseID = w.WarehouseID
        
2025-05-18 21:55:12,546 - INFO - Data fetched: 
        SELECT se.*, p.ProductName, w.WarehouseName 
        FROM StockEntries se
        JOIN Products p ON se.ProductID = p.ProductID
        JOIN Warehouses w ON se.WarehouseID = w.WarehouseID
        
2025-05-18 21:55:12,548 - INFO - Data fetched: 
        SELECT p.*, s.SupplierName 
        FROM Products p
        LEFT JOIN Suppliers s ON p.SupplierID = s.SupplierID
        
2025-05-18 21:55:12,552 - INFO - Data fetched: SELECT * FROM Warehouses
2025-05-18 21:55:12,554 - INFO - Data fetched: SELECT * FROM Suppliers
2025-05-18 22:10:07,275 - INFO - Database connection established
2025-05-18 22:10:07,278 - INFO - Data fetched: 
        SELECT p.*, s.SupplierName 
        FROM Products p
        LEFT JOIN Suppliers s ON p.SupplierID = s.SupplierID
        
2025-05-18 22:10:07,279 - INFO - Data fetched: SELECT * FROM Suppliers
2025-05-18 22:10:07,282 - INFO - Data fetched: SELECT * FROM Warehouses
2025-05-18 22:10:07,285 - INFO - Data fetched: 
        SELECT p.ProductName, w.WarehouseName, i.Quantity, i.MinStockLevel, i.ProductID, i.WarehouseID
        FROM Inventory i
        JOIN Products p ON i.ProductID = p.ProductID
        JOIN Warehouses w ON i.WarehouseID = w.WarehouseID
        
2025-05-18 22:10:07,288 - INFO - Data fetched: 
        SELECT se.*, p.ProductName, w.WarehouseName 
        FROM StockEntries se
        JOIN Products p ON se.ProductID = p.ProductID
        JOIN Warehouses w ON se.WarehouseID = w.WarehouseID
        
2025-05-18 22:10:07,292 - INFO - Data fetched: 
        SELECT p.*, s.SupplierName 
        FROM Products p
        LEFT JOIN Suppliers s ON p.SupplierID = s.SupplierID
        
2025-05-18 22:10:07,293 - INFO - Data fetched: SELECT * FROM Warehouses
2025-05-18 22:10:07,294 - INFO - Data fetched: SELECT * FROM Suppliers
2025-05-18 22:10:11,353 - INFO - Single data fetched: SELECT * FROM Products WHERE ProductID = %s
2025-05-18 22:10:11,354 - INFO - Single data fetched: SELECT * FROM Suppliers WHERE SupplierID = %s
2025-05-18 22:10:11,674 - INFO - Single data fetched: SELECT * FROM Products WHERE ProductID = %s
2025-05-18 22:10:11,674 - INFO - Single data fetched: SELECT * FROM Suppliers WHERE SupplierID = %s
2025-05-18 22:10:11,961 - INFO - Single data fetched: SELECT * FROM Products WHERE ProductID = %s
2025-05-18 22:10:11,964 - INFO - Single data fetched: SELECT * FROM Suppliers WHERE SupplierID = %s
2025-05-18 22:10:12,583 - INFO - Single data fetched: SELECT * FROM Products WHERE ProductID = %s
2025-05-18 22:10:12,584 - INFO - Single data fetched: SELECT * FROM Suppliers WHERE SupplierID = %s
2025-05-18 22:10:12,864 - INFO - Single data fetched: SELECT * FROM Products WHERE ProductID = %s
2025-05-18 22:10:12,866 - INFO - Single data fetched: SELECT * FROM Suppliers WHERE SupplierID = %s
2025-05-18 22:10:13,180 - INFO - Single data fetched: SELECT * FROM Products WHERE ProductID = %s
2025-05-18 22:10:13,183 - INFO - Single data fetched: SELECT * FROM Suppliers WHERE SupplierID = %s
2025-05-18 22:10:13,572 - INFO - Single data fetched: SELECT * FROM Products WHERE ProductID = %s
2025-05-18 22:10:13,574 - INFO - Single data fetched: SELECT * FROM Suppliers WHERE SupplierID = %s
2025-05-18 22:10:13,878 - INFO - Single data fetched: SELECT * FROM Products WHERE ProductID = %s
2025-05-18 22:10:13,879 - INFO - Single data fetched: SELECT * FROM Suppliers WHERE SupplierID = %s
2025-05-18 22:10:14,336 - INFO - Single data fetched: SELECT * FROM Products WHERE ProductID = %s
2025-05-18 22:10:14,336 - INFO - Single data fetched: SELECT * FROM Suppliers WHERE SupplierID = %s
2025-05-18 22:10:14,598 - INFO - Single data fetched: SELECT * FROM Products WHERE ProductID = %s
2025-05-18 22:10:14,602 - INFO - Single data fetched: SELECT * FROM Suppliers WHERE SupplierID = %s
2025-05-18 22:10:15,003 - INFO - Single data fetched: SELECT * FROM Products WHERE ProductID = %s
2025-05-18 22:10:15,005 - INFO - Single data fetched: SELECT * FROM Suppliers WHERE SupplierID = %s
2025-05-18 22:10:15,386 - INFO - Single data fetched: SELECT * FROM Products WHERE ProductID = %s
2025-05-18 22:10:15,386 - INFO - Single data fetched: SELECT * FROM Suppliers WHERE SupplierID = %s
2025-05-18 22:10:16,007 - INFO - Single data fetched: SELECT * FROM Products WHERE ProductID = %s
2025-05-18 22:10:16,008 - INFO - Single data fetched: SELECT * FROM Suppliers WHERE SupplierID = %s
2025-05-18 22:10:16,773 - INFO - Single data fetched: SELECT * FROM Products WHERE ProductID = %s
2025-05-18 22:10:16,774 - INFO - Single data fetched: SELECT * FROM Suppliers WHERE SupplierID = %s
2025-05-18 22:10:17,080 - INFO - Single data fetched: SELECT * FROM Products WHERE ProductID = %s
2025-05-18 22:10:17,083 - INFO - Single data fetched: SELECT * FROM Suppliers WHERE SupplierID = %s
2025-05-18 22:10:17,358 - INFO - Single data fetched: SELECT * FROM Products WHERE ProductID = %s
2025-05-18 22:10:17,360 - INFO - Single data fetched: SELECT * FROM Suppliers WHERE SupplierID = %s
2025-05-18 22:10:17,846 - INFO - Single data fetched: SELECT * FROM Products WHERE ProductID = %s
2025-05-18 22:10:17,848 - INFO - Single data fetched: SELECT * FROM Suppliers WHERE SupplierID = %s
2025-05-18 22:10:19,475 - INFO - Single data fetched: SELECT * FROM Products WHERE ProductID = %s
2025-05-18 22:10:19,479 - INFO - Single data fetched: SELECT * FROM Suppliers WHERE SupplierID = %s
2025-05-18 22:10:19,737 - INFO - Single data fetched: SELECT * FROM Products WHERE ProductID = %s
2025-05-18 22:10:19,740 - INFO - Single data fetched: SELECT * FROM Suppliers WHERE SupplierID = %s
2025-05-18 22:10:20,313 - INFO - Single data fetched: SELECT * FROM Products WHERE ProductID = %s
2025-05-18 22:10:20,315 - INFO - Single data fetched: SELECT * FROM Suppliers WHERE SupplierID = %s
2025-05-18 22:10:20,563 - INFO - Single data fetched: SELECT * FROM Products WHERE ProductID = %s
2025-05-18 22:10:20,565 - INFO - Single data fetched: SELECT * FROM Suppliers WHERE SupplierID = %s
2025-05-18 22:10:20,987 - INFO - Single data fetched: SELECT * FROM Products WHERE ProductID = %s
2025-05-18 22:10:20,989 - INFO - Single data fetched: SELECT * FROM Suppliers WHERE SupplierID = %s
2025-05-18 22:10:21,230 - INFO - Single data fetched: SELECT * FROM Products WHERE ProductID = %s
2025-05-18 22:10:21,233 - INFO - Single data fetched: SELECT * FROM Suppliers WHERE SupplierID = %s
2025-05-18 22:10:21,415 - INFO - Single data fetched: SELECT * FROM Products WHERE ProductID = %s
2025-05-18 22:10:21,415 - INFO - Single data fetched: SELECT * FROM Suppliers WHERE SupplierID = %s
2025-05-18 22:10:21,812 - INFO - Single data fetched: SELECT * FROM Products WHERE ProductID = %s
2025-05-18 22:10:21,814 - INFO - Single data fetched: SELECT * FROM Suppliers WHERE SupplierID = %s
2025-05-18 22:10:22,450 - INFO - Single data fetched: SELECT * FROM Products WHERE ProductID = %s
2025-05-18 22:10:22,451 - INFO - Single data fetched: SELECT * FROM Suppliers WHERE SupplierID = %s
2025-05-18 22:10:22,753 - INFO - Single data fetched: SELECT * FROM Products WHERE ProductID = %s
2025-05-18 22:10:22,755 - INFO - Single data fetched: SELECT * FROM Suppliers WHERE SupplierID = %s
2025-05-18 22:10:23,283 - INFO - Single data fetched: SELECT * FROM Products WHERE ProductID = %s
2025-05-18 22:10:23,283 - INFO - Single data fetched: SELECT * FROM Suppliers WHERE SupplierID = %s
2025-05-18 22:10:24,296 - INFO - Single data fetched: SELECT * FROM Products WHERE ProductID = %s
2025-05-18 22:10:24,296 - INFO - Single data fetched: SELECT * FROM Suppliers WHERE SupplierID = %s
2025-05-18 22:10:26,036 - INFO - Single data fetched: SELECT * FROM Products WHERE ProductID = %s
2025-05-18 22:10:26,039 - INFO - Single data fetched: SELECT * FROM Suppliers WHERE SupplierID = %s
2025-05-18 22:10:36,368 - INFO - Data fetched: 
        SELECT p.ProductName, w.WarehouseName, i.Quantity, i.MinStockLevel, i.ProductID, i.WarehouseID
        FROM Inventory i
        JOIN Products p ON i.ProductID = p.ProductID
        JOIN Warehouses w ON i.WarehouseID = w.WarehouseID
        
2025-05-18 22:10:41,027 - INFO - Data fetched: 
        SELECT p.ProductName, w.WarehouseName, i.Quantity, i.MinStockLevel, i.ProductID, i.WarehouseID
        FROM Inventory i
        JOIN Products p ON i.ProductID = p.ProductID
        JOIN Warehouses w ON i.WarehouseID = w.WarehouseID
        
2025-05-18 22:10:43,588 - INFO - Data fetched: 
        SELECT p.ProductName, w.WarehouseName, i.Quantity, i.MinStockLevel, i.ProductID, i.WarehouseID
        FROM Inventory i
        JOIN Products p ON i.ProductID = p.ProductID
        JOIN Warehouses w ON i.WarehouseID = w.WarehouseID
        
2025-05-18 22:10:44,326 - INFO - Procedure called: CheckLowStock
